#
# There is insufficient memory for the Java Runtime Environment to continue.
# Native memory allocation (malloc) failed to allocate 1507696 bytes for Chunk::new
# Possible reasons:
#   The system is out of physical RAM or swap space
#   The process is running with CompressedOops enabled, and the Java Heap may be blocking the growth of the native heap
# Possible solutions:
#   Reduce memory load on the system
#   Increase physical memory or swap space
#   Check if swap backing store is full
#   Decrease Java heap size (-Xmx/-Xms)
#   Decrease number of Java threads
#   Decrease Java thread stack sizes (-Xss)
#   Set larger code cache with -XX:ReservedCodeCacheSize=
#   JVM is running with Zero Based Compressed Oops mode in which the Java heap is
#     placed in the first 32GB address space. The Java Heap base address is the
#     maximum limit for the native heap growth. Please use -XX:HeapBaseMinAddress
#     to set the Java Heap base and to place the Java Heap above 32GB virtual address.
# This output file may be truncated or incomplete.
#
#  Out of Memory Error (arena.cpp:189), pid=6736, tid=16952
#
# JRE version: Java(TM) SE Runtime Environment (17.0.10+11) (build 17.0.10+11-LTS-240)
# Java VM: Java HotSpot(TM) 64-Bit Server VM (17.0.10+11-LTS-240, mixed mode, sharing, tiered, compressed oops, compressed class ptrs, g1 gc, windows-amd64)
# No core dump will be written. Minidumps are not enabled by default on client versions of Windows
#

---------------  S U M M A R Y ------------

Command Line: -javaagent:C:\Program Files\JetBrains\IntelliJ IDEA Community Edition 2022.3.3\lib\idea_rt.jar=59643:C:\Program Files\JetBrains\IntelliJ IDEA Community Edition 2022.3.3\bin -Dfile.encoding=UTF-8 com.springboot.login.LoginUserApplication

Host: 11th Gen Intel(R) Core(TM) i5-11300H @ 3.10GHz, 8 cores, 15G,  Windows 11 , 64 bit Build 26100 (10.0.26100.3037)
Time: Sun Feb  2 00:31:17 2025 India Standard Time elapsed time: 2.354526 seconds (0d 0h 0m 2s)

---------------  T H R E A D  ---------------

Current thread (0x000001baa5874d70):  JavaThread "C2 CompilerThread1" daemon [_thread_in_native, id=16952, stack(0x0000006c0b500000,0x0000006c0b600000)]


Current CompileTask:
C2:   2354 1733       4       jdk.internal.org.objectweb.asm.Frame::execute (2305 bytes)

Stack: [0x0000006c0b500000,0x0000006c0b600000]
Native frames: (J=compiled Java code, j=interpreted, Vv=VM code, C=native code)
V  [jvm.dll+0x677a5a]
V  [jvm.dll+0x7d8b2d]
V  [jvm.dll+0x7da48e]
V  [jvm.dll+0x7daaf3]
V  [jvm.dll+0x2455ff]
V  [jvm.dll+0xaaafb]
V  [jvm.dll+0xab09c]
V  [jvm.dll+0x361b5f]
V  [jvm.dll+0x32c211]
V  [jvm.dll+0x32b6aa]
V  [jvm.dll+0x21794f]
V  [jvm.dll+0x216d81]
V  [jvm.dll+0x1a3410]
V  [jvm.dll+0x226aeb]
V  [jvm.dll+0x224cab]
V  [jvm.dll+0x78e45c]
V  [jvm.dll+0x78888a]
V  [jvm.dll+0x676935]
C  [ucrtbase.dll+0x37b0]
C  [KERNEL32.DLL+0x2e8d7]
C  [ntdll.dll+0xbbf2c]


---------------  P R O C E S S  ---------------

Threads class SMR info:
_java_thread_list=0x000001baebc466b0, length=18, elements={
0x000001ba829ee700, 0x000001baa56650b0, 0x000001baa5665980, 0x000001baa566e110,
0x000001baa566ead0, 0x000001baa566f490, 0x000001baa566fe50, 0x000001baa5670b40,
0x000001baa5677610, 0x000001baa567d440, 0x000001baa5649a20, 0x000001baa5874d70,
0x000001baa5989850, 0x000001baa5989d30, 0x000001baeb2959b0, 0x000001baebadd430,
0x000001baeba17340, 0x000001baebb9a410
}

Java Threads: ( => current thread )
  0x000001ba829ee700 JavaThread "main" [_thread_blocked, id=20420, stack(0x0000006c0a400000,0x0000006c0a500000)]
  0x000001baa56650b0 JavaThread "Reference Handler" daemon [_thread_blocked, id=19908, stack(0x0000006c0ab00000,0x0000006c0ac00000)]
  0x000001baa5665980 JavaThread "Finalizer" daemon [_thread_blocked, id=19728, stack(0x0000006c0ac00000,0x0000006c0ad00000)]
  0x000001baa566e110 JavaThread "Signal Dispatcher" daemon [_thread_blocked, id=4412, stack(0x0000006c0ad00000,0x0000006c0ae00000)]
  0x000001baa566ead0 JavaThread "Attach Listener" daemon [_thread_blocked, id=15640, stack(0x0000006c0ae00000,0x0000006c0af00000)]
  0x000001baa566f490 JavaThread "Service Thread" daemon [_thread_blocked, id=3480, stack(0x0000006c0af00000,0x0000006c0b000000)]
  0x000001baa566fe50 JavaThread "Monitor Deflation Thread" daemon [_thread_blocked, id=21192, stack(0x0000006c0b000000,0x0000006c0b100000)]
  0x000001baa5670b40 JavaThread "C2 CompilerThread0" daemon [_thread_in_native, id=21900, stack(0x0000006c0b100000,0x0000006c0b200000)]
  0x000001baa5677610 JavaThread "C1 CompilerThread0" daemon [_thread_blocked, id=18960, stack(0x0000006c0b200000,0x0000006c0b300000)]
  0x000001baa567d440 JavaThread "Sweeper thread" daemon [_thread_blocked, id=18948, stack(0x0000006c0b300000,0x0000006c0b400000)]
  0x000001baa5649a20 JavaThread "Common-Cleaner" daemon [_thread_blocked, id=19416, stack(0x0000006c0b400000,0x0000006c0b500000)]
=>0x000001baa5874d70 JavaThread "C2 CompilerThread1" daemon [_thread_in_native, id=16952, stack(0x0000006c0b500000,0x0000006c0b600000)]
  0x000001baa5989850 JavaThread "Monitor Ctrl-Break" daemon [_thread_in_native, id=10988, stack(0x0000006c0b600000,0x0000006c0b700000)]
  0x000001baa5989d30 JavaThread "Notification Thread" daemon [_thread_blocked, id=14456, stack(0x0000006c0b700000,0x0000006c0b800000)]
  0x000001baeb2959b0 JavaThread "Thread-0" [_thread_blocked, id=19596, stack(0x0000006c0b900000,0x0000006c0ba00000)]
  0x000001baebadd430 JavaThread "restartedMain" [_thread_in_native, id=20340, stack(0x0000006c0ba00000,0x0000006c0bb00000)]
  0x000001baeba17340 JavaThread "C2 CompilerThread2" daemon [_thread_blocked, id=24460, stack(0x0000006c0c000000,0x0000006c0c100000)]
  0x000001baebb9a410 JavaThread "background-preinit" [_thread_in_vm, id=10552, stack(0x0000006c0c100000,0x0000006c0c200000)]

Other Threads:
  0x000001baa5659450 VMThread "VM Thread" [stack: 0x0000006c0aa00000,0x0000006c0ab00000] [id=1636]
  0x000001baa598a210 WatcherThread [stack: 0x0000006c0b800000,0x0000006c0b900000] [id=24208]
  0x000001ba82a58130 GCTaskThread "GC Thread#0" [stack: 0x0000006c0a500000,0x0000006c0a600000] [id=9616]
  0x000001baeb8d0c80 GCTaskThread "GC Thread#1" [stack: 0x0000006c0bb00000,0x0000006c0bc00000] [id=15792]
  0x000001baeb8d0f40 GCTaskThread "GC Thread#2" [stack: 0x0000006c0bc00000,0x0000006c0bd00000] [id=11528]
  0x000001baeb8d1200 GCTaskThread "GC Thread#3" [stack: 0x0000006c0bd00000,0x0000006c0be00000] [id=7056]
  0x000001baeb8d1940 GCTaskThread "GC Thread#4" [stack: 0x0000006c0be00000,0x0000006c0bf00000] [id=22204]
  0x000001baeb8d1c00 GCTaskThread "GC Thread#5" [stack: 0x0000006c0bf00000,0x0000006c0c000000] [id=17216]
  0x000001baebb8b1c0 GCTaskThread "GC Thread#6" [stack: 0x0000006c0c200000,0x0000006c0c300000] [id=10524]
  0x000001baebc3da40 GCTaskThread "GC Thread#7" [stack: 0x0000006c0c300000,0x0000006c0c400000] [id=22940]
  0x000001ba82a6b190 ConcurrentGCThread "G1 Main Marker" [stack: 0x0000006c0a600000,0x0000006c0a700000] [id=19932]
  0x000001ba82a6bba0 ConcurrentGCThread "G1 Conc#0" [stack: 0x0000006c0a700000,0x0000006c0a800000] [id=20072]
  0x000001baa550c210 ConcurrentGCThread "G1 Refine#0" [stack: 0x0000006c0a800000,0x0000006c0a900000] [id=14464]
  0x000001baa550e9f0 ConcurrentGCThread "G1 Service" [stack: 0x0000006c0a900000,0x0000006c0aa00000] [id=23240]

Threads with active compile tasks:
C2 CompilerThread0     2373 1946 % !   4       java.util.concurrent.ConcurrentHashMap::transfer @ 372 (849 bytes)
C2 CompilerThread1     2373 1733       4       jdk.internal.org.objectweb.asm.Frame::execute (2305 bytes)

VM state: not at safepoint (normal execution)

VM Mutex/Monitor currently owned by a thread: None

Heap address: 0x0000000703600000, size: 4042 MB, Compressed Oops mode: Zero based, Oop shift amount: 3

CDS archive(s) mapped at: [0x000001baa6000000-0x000001baa6bd0000-0x000001baa6bd0000), size 12386304, SharedBaseAddress: 0x000001baa6000000, ArchiveRelocationMode: 1.
Compressed class space mapped at: 0x000001baa7000000-0x000001bae7000000, reserved size: 1073741824
Narrow klass base: 0x000001baa6000000, Narrow klass shift: 0, Narrow klass range: 0x100000000

GC Precious Log:
 CPUs: 8 total, 8 available
 Memory: 16167M
 Large Page Support: Disabled
 NUMA Support: Disabled
 Compressed Oops: Enabled (Zero based)
 Heap Region Size: 2M
 Heap Min Capacity: 8M
 Heap Initial Capacity: 254M
 Heap Max Capacity: 4042M
 Pre-touch: Disabled
 Parallel Workers: 8
 Concurrent Workers: 2
 Concurrent Refinement Workers: 8
 Periodic GC: Disabled

Heap:
 garbage-first heap   total 260096K, used 17647K [0x0000000703600000, 0x0000000800000000)
  region size 2048K, 6 young (12288K), 1 survivors (2048K)
 Metaspace       used 13639K, committed 13952K, reserved 1114112K
  class space    used 1654K, committed 1792K, reserved 1048576K

Heap Regions: E=young(eden), S=young(survivor), O=old, HS=humongous(starts), HC=humongous(continues), CS=collection set, F=free, OA=open archive, CA=closed archive, TAMS=top-at-mark-start (previous, next)
|   0|0x0000000703600000, 0x0000000703800000, 0x0000000703800000|100%| O|  |TAMS 0x0000000703600000, 0x0000000703600000| Untracked 
|   1|0x0000000703800000, 0x0000000703a00000, 0x0000000703a00000|100%| O|  |TAMS 0x0000000703800000, 0x0000000703800000| Untracked 
|   2|0x0000000703a00000, 0x0000000703c00000, 0x0000000703c00000|100%| O|  |TAMS 0x0000000703a00000, 0x0000000703a00000| Untracked 
|   3|0x0000000703c00000, 0x0000000703d5da00, 0x0000000703e00000| 68%| O|  |TAMS 0x0000000703c00000, 0x0000000703c00000| Untracked 
|   4|0x0000000703e00000, 0x0000000703e00000, 0x0000000704000000|  0%| F|  |TAMS 0x0000000703e00000, 0x0000000703e00000| Untracked 
|   5|0x0000000704000000, 0x0000000704000000, 0x0000000704200000|  0%| F|  |TAMS 0x0000000704000000, 0x0000000704000000| Untracked 
|   6|0x0000000704200000, 0x0000000704200000, 0x0000000704400000|  0%| F|  |TAMS 0x0000000704200000, 0x0000000704200000| Untracked 
|   7|0x0000000704400000, 0x0000000704400000, 0x0000000704600000|  0%| F|  |TAMS 0x0000000704400000, 0x0000000704400000| Untracked 
|   8|0x0000000704600000, 0x0000000704600000, 0x0000000704800000|  0%| F|  |TAMS 0x0000000704600000, 0x0000000704600000| Untracked 
|   9|0x0000000704800000, 0x0000000704800000, 0x0000000704a00000|  0%| F|  |TAMS 0x0000000704800000, 0x0000000704800000| Untracked 
|  10|0x0000000704a00000, 0x0000000704a00000, 0x0000000704c00000|  0%| F|  |TAMS 0x0000000704a00000, 0x0000000704a00000| Untracked 
|  11|0x0000000704c00000, 0x0000000704c00000, 0x0000000704e00000|  0%| F|  |TAMS 0x0000000704c00000, 0x0000000704c00000| Untracked 
|  12|0x0000000704e00000, 0x0000000704e00000, 0x0000000705000000|  0%| F|  |TAMS 0x0000000704e00000, 0x0000000704e00000| Untracked 
|  13|0x0000000705000000, 0x0000000705000000, 0x0000000705200000|  0%| F|  |TAMS 0x0000000705000000, 0x0000000705000000| Untracked 
|  14|0x0000000705200000, 0x0000000705200000, 0x0000000705400000|  0%| F|  |TAMS 0x0000000705200000, 0x0000000705200000| Untracked 
|  15|0x0000000705400000, 0x0000000705400000, 0x0000000705600000|  0%| F|  |TAMS 0x0000000705400000, 0x0000000705400000| Untracked 
|  16|0x0000000705600000, 0x0000000705600000, 0x0000000705800000|  0%| F|  |TAMS 0x0000000705600000, 0x0000000705600000| Untracked 
|  17|0x0000000705800000, 0x0000000705800000, 0x0000000705a00000|  0%| F|  |TAMS 0x0000000705800000, 0x0000000705800000| Untracked 
|  18|0x0000000705a00000, 0x0000000705a00000, 0x0000000705c00000|  0%| F|  |TAMS 0x0000000705a00000, 0x0000000705a00000| Untracked 
|  19|0x0000000705c00000, 0x0000000705c00000, 0x0000000705e00000|  0%| F|  |TAMS 0x0000000705c00000, 0x0000000705c00000| Untracked 
|  20|0x0000000705e00000, 0x0000000705e00000, 0x0000000706000000|  0%| F|  |TAMS 0x0000000705e00000, 0x0000000705e00000| Untracked 
|  21|0x0000000706000000, 0x0000000706000000, 0x0000000706200000|  0%| F|  |TAMS 0x0000000706000000, 0x0000000706000000| Untracked 
|  22|0x0000000706200000, 0x0000000706200000, 0x0000000706400000|  0%| F|  |TAMS 0x0000000706200000, 0x0000000706200000| Untracked 
|  23|0x0000000706400000, 0x0000000706400000, 0x0000000706600000|  0%| F|  |TAMS 0x0000000706400000, 0x0000000706400000| Untracked 
|  24|0x0000000706600000, 0x0000000706600000, 0x0000000706800000|  0%| F|  |TAMS 0x0000000706600000, 0x0000000706600000| Untracked 
|  25|0x0000000706800000, 0x0000000706800000, 0x0000000706a00000|  0%| F|  |TAMS 0x0000000706800000, 0x0000000706800000| Untracked 
|  26|0x0000000706a00000, 0x0000000706a00000, 0x0000000706c00000|  0%| F|  |TAMS 0x0000000706a00000, 0x0000000706a00000| Untracked 
|  27|0x0000000706c00000, 0x0000000706c00000, 0x0000000706e00000|  0%| F|  |TAMS 0x0000000706c00000, 0x0000000706c00000| Untracked 
|  28|0x0000000706e00000, 0x0000000706e00000, 0x0000000707000000|  0%| F|  |TAMS 0x0000000706e00000, 0x0000000706e00000| Untracked 
|  29|0x0000000707000000, 0x0000000707000000, 0x0000000707200000|  0%| F|  |TAMS 0x0000000707000000, 0x0000000707000000| Untracked 
|  30|0x0000000707200000, 0x0000000707200000, 0x0000000707400000|  0%| F|  |TAMS 0x0000000707200000, 0x0000000707200000| Untracked 
|  31|0x0000000707400000, 0x0000000707400000, 0x0000000707600000|  0%| F|  |TAMS 0x0000000707400000, 0x0000000707400000| Untracked 
|  32|0x0000000707600000, 0x0000000707600000, 0x0000000707800000|  0%| F|  |TAMS 0x0000000707600000, 0x0000000707600000| Untracked 
|  33|0x0000000707800000, 0x0000000707800000, 0x0000000707a00000|  0%| F|  |TAMS 0x0000000707800000, 0x0000000707800000| Untracked 
|  34|0x0000000707a00000, 0x0000000707a00000, 0x0000000707c00000|  0%| F|  |TAMS 0x0000000707a00000, 0x0000000707a00000| Untracked 
|  35|0x0000000707c00000, 0x0000000707c00000, 0x0000000707e00000|  0%| F|  |TAMS 0x0000000707c00000, 0x0000000707c00000| Untracked 
|  36|0x0000000707e00000, 0x0000000707e00000, 0x0000000708000000|  0%| F|  |TAMS 0x0000000707e00000, 0x0000000707e00000| Untracked 
|  37|0x0000000708000000, 0x0000000708000000, 0x0000000708200000|  0%| F|  |TAMS 0x0000000708000000, 0x0000000708000000| Untracked 
|  38|0x0000000708200000, 0x0000000708200000, 0x0000000708400000|  0%| F|  |TAMS 0x0000000708200000, 0x0000000708200000| Untracked 
|  39|0x0000000708400000, 0x0000000708400000, 0x0000000708600000|  0%| F|  |TAMS 0x0000000708400000, 0x0000000708400000| Untracked 
|  40|0x0000000708600000, 0x0000000708600000, 0x0000000708800000|  0%| F|  |TAMS 0x0000000708600000, 0x0000000708600000| Untracked 
|  41|0x0000000708800000, 0x0000000708800000, 0x0000000708a00000|  0%| F|  |TAMS 0x0000000708800000, 0x0000000708800000| Untracked 
|  42|0x0000000708a00000, 0x0000000708a00000, 0x0000000708c00000|  0%| F|  |TAMS 0x0000000708a00000, 0x0000000708a00000| Untracked 
|  43|0x0000000708c00000, 0x0000000708c00000, 0x0000000708e00000|  0%| F|  |TAMS 0x0000000708c00000, 0x0000000708c00000| Untracked 
|  44|0x0000000708e00000, 0x0000000708e00000, 0x0000000709000000|  0%| F|  |TAMS 0x0000000708e00000, 0x0000000708e00000| Untracked 
|  45|0x0000000709000000, 0x0000000709000000, 0x0000000709200000|  0%| F|  |TAMS 0x0000000709000000, 0x0000000709000000| Untracked 
|  46|0x0000000709200000, 0x0000000709200000, 0x0000000709400000|  0%| F|  |TAMS 0x0000000709200000, 0x0000000709200000| Untracked 
|  47|0x0000000709400000, 0x0000000709400000, 0x0000000709600000|  0%| F|  |TAMS 0x0000000709400000, 0x0000000709400000| Untracked 
|  48|0x0000000709600000, 0x0000000709600000, 0x0000000709800000|  0%| F|  |TAMS 0x0000000709600000, 0x0000000709600000| Untracked 
|  49|0x0000000709800000, 0x0000000709800000, 0x0000000709a00000|  0%| F|  |TAMS 0x0000000709800000, 0x0000000709800000| Untracked 
|  50|0x0000000709a00000, 0x0000000709a00000, 0x0000000709c00000|  0%| F|  |TAMS 0x0000000709a00000, 0x0000000709a00000| Untracked 
|  51|0x0000000709c00000, 0x0000000709c00000, 0x0000000709e00000|  0%| F|  |TAMS 0x0000000709c00000, 0x0000000709c00000| Untracked 
|  52|0x0000000709e00000, 0x0000000709e00000, 0x000000070a000000|  0%| F|  |TAMS 0x0000000709e00000, 0x0000000709e00000| Untracked 
|  53|0x000000070a000000, 0x000000070a000000, 0x000000070a200000|  0%| F|  |TAMS 0x000000070a000000, 0x000000070a000000| Untracked 
|  54|0x000000070a200000, 0x000000070a200000, 0x000000070a400000|  0%| F|  |TAMS 0x000000070a200000, 0x000000070a200000| Untracked 
|  55|0x000000070a400000, 0x000000070a400000, 0x000000070a600000|  0%| F|  |TAMS 0x000000070a400000, 0x000000070a400000| Untracked 
|  56|0x000000070a600000, 0x000000070a600000, 0x000000070a800000|  0%| F|  |TAMS 0x000000070a600000, 0x000000070a600000| Untracked 
|  57|0x000000070a800000, 0x000000070a800000, 0x000000070aa00000|  0%| F|  |TAMS 0x000000070a800000, 0x000000070a800000| Untracked 
|  58|0x000000070aa00000, 0x000000070aa00000, 0x000000070ac00000|  0%| F|  |TAMS 0x000000070aa00000, 0x000000070aa00000| Untracked 
|  59|0x000000070ac00000, 0x000000070ac00000, 0x000000070ae00000|  0%| F|  |TAMS 0x000000070ac00000, 0x000000070ac00000| Untracked 
|  60|0x000000070ae00000, 0x000000070ae00000, 0x000000070b000000|  0%| F|  |TAMS 0x000000070ae00000, 0x000000070ae00000| Untracked 
|  61|0x000000070b000000, 0x000000070b000000, 0x000000070b200000|  0%| F|  |TAMS 0x000000070b000000, 0x000000070b000000| Untracked 
|  62|0x000000070b200000, 0x000000070b200000, 0x000000070b400000|  0%| F|  |TAMS 0x000000070b200000, 0x000000070b200000| Untracked 
|  63|0x000000070b400000, 0x000000070b400000, 0x000000070b600000|  0%| F|  |TAMS 0x000000070b400000, 0x000000070b400000| Untracked 
|  64|0x000000070b600000, 0x000000070b600000, 0x000000070b800000|  0%| F|  |TAMS 0x000000070b600000, 0x000000070b600000| Untracked 
|  65|0x000000070b800000, 0x000000070b800000, 0x000000070ba00000|  0%| F|  |TAMS 0x000000070b800000, 0x000000070b800000| Untracked 
|  66|0x000000070ba00000, 0x000000070ba00000, 0x000000070bc00000|  0%| F|  |TAMS 0x000000070ba00000, 0x000000070ba00000| Untracked 
|  67|0x000000070bc00000, 0x000000070bc00000, 0x000000070be00000|  0%| F|  |TAMS 0x000000070bc00000, 0x000000070bc00000| Untracked 
|  68|0x000000070be00000, 0x000000070be00000, 0x000000070c000000|  0%| F|  |TAMS 0x000000070be00000, 0x000000070be00000| Untracked 
|  69|0x000000070c000000, 0x000000070c000000, 0x000000070c200000|  0%| F|  |TAMS 0x000000070c000000, 0x000000070c000000| Untracked 
|  70|0x000000070c200000, 0x000000070c200000, 0x000000070c400000|  0%| F|  |TAMS 0x000000070c200000, 0x000000070c200000| Untracked 
|  71|0x000000070c400000, 0x000000070c400000, 0x000000070c600000|  0%| F|  |TAMS 0x000000070c400000, 0x000000070c400000| Untracked 
|  72|0x000000070c600000, 0x000000070c600000, 0x000000070c800000|  0%| F|  |TAMS 0x000000070c600000, 0x000000070c600000| Untracked 
|  73|0x000000070c800000, 0x000000070c800000, 0x000000070ca00000|  0%| F|  |TAMS 0x000000070c800000, 0x000000070c800000| Untracked 
|  74|0x000000070ca00000, 0x000000070ca00000, 0x000000070cc00000|  0%| F|  |TAMS 0x000000070ca00000, 0x000000070ca00000| Untracked 
|  75|0x000000070cc00000, 0x000000070cc00000, 0x000000070ce00000|  0%| F|  |TAMS 0x000000070cc00000, 0x000000070cc00000| Untracked 
|  76|0x000000070ce00000, 0x000000070ce00000, 0x000000070d000000|  0%| F|  |TAMS 0x000000070ce00000, 0x000000070ce00000| Untracked 
|  77|0x000000070d000000, 0x000000070d000000, 0x000000070d200000|  0%| F|  |TAMS 0x000000070d000000, 0x000000070d000000| Untracked 
|  78|0x000000070d200000, 0x000000070d200000, 0x000000070d400000|  0%| F|  |TAMS 0x000000070d200000, 0x000000070d200000| Untracked 
|  79|0x000000070d400000, 0x000000070d400000, 0x000000070d600000|  0%| F|  |TAMS 0x000000070d400000, 0x000000070d400000| Untracked 
|  80|0x000000070d600000, 0x000000070d600000, 0x000000070d800000|  0%| F|  |TAMS 0x000000070d600000, 0x000000070d600000| Untracked 
|  81|0x000000070d800000, 0x000000070d800000, 0x000000070da00000|  0%| F|  |TAMS 0x000000070d800000, 0x000000070d800000| Untracked 
|  82|0x000000070da00000, 0x000000070da00000, 0x000000070dc00000|  0%| F|  |TAMS 0x000000070da00000, 0x000000070da00000| Untracked 
|  83|0x000000070dc00000, 0x000000070dc00000, 0x000000070de00000|  0%| F|  |TAMS 0x000000070dc00000, 0x000000070dc00000| Untracked 
|  84|0x000000070de00000, 0x000000070de00000, 0x000000070e000000|  0%| F|  |TAMS 0x000000070de00000, 0x000000070de00000| Untracked 
|  85|0x000000070e000000, 0x000000070e000000, 0x000000070e200000|  0%| F|  |TAMS 0x000000070e000000, 0x000000070e000000| Untracked 
|  86|0x000000070e200000, 0x000000070e200000, 0x000000070e400000|  0%| F|  |TAMS 0x000000070e200000, 0x000000070e200000| Untracked 
|  87|0x000000070e400000, 0x000000070e400000, 0x000000070e600000|  0%| F|  |TAMS 0x000000070e400000, 0x000000070e400000| Untracked 
|  88|0x000000070e600000, 0x000000070e600000, 0x000000070e800000|  0%| F|  |TAMS 0x000000070e600000, 0x000000070e600000| Untracked 
|  89|0x000000070e800000, 0x000000070e800000, 0x000000070ea00000|  0%| F|  |TAMS 0x000000070e800000, 0x000000070e800000| Untracked 
|  90|0x000000070ea00000, 0x000000070ea00000, 0x000000070ec00000|  0%| F|  |TAMS 0x000000070ea00000, 0x000000070ea00000| Untracked 
|  91|0x000000070ec00000, 0x000000070ec00000, 0x000000070ee00000|  0%| F|  |TAMS 0x000000070ec00000, 0x000000070ec00000| Untracked 
|  92|0x000000070ee00000, 0x000000070ee00000, 0x000000070f000000|  0%| F|  |TAMS 0x000000070ee00000, 0x000000070ee00000| Untracked 
|  93|0x000000070f000000, 0x000000070f000000, 0x000000070f200000|  0%| F|  |TAMS 0x000000070f000000, 0x000000070f000000| Untracked 
|  94|0x000000070f200000, 0x000000070f200000, 0x000000070f400000|  0%| F|  |TAMS 0x000000070f200000, 0x000000070f200000| Untracked 
|  95|0x000000070f400000, 0x000000070f400000, 0x000000070f600000|  0%| F|  |TAMS 0x000000070f400000, 0x000000070f400000| Untracked 
|  96|0x000000070f600000, 0x000000070f600000, 0x000000070f800000|  0%| F|  |TAMS 0x000000070f600000, 0x000000070f600000| Untracked 
|  97|0x000000070f800000, 0x000000070f800000, 0x000000070fa00000|  0%| F|  |TAMS 0x000000070f800000, 0x000000070f800000| Untracked 
|  98|0x000000070fa00000, 0x000000070fa00000, 0x000000070fc00000|  0%| F|  |TAMS 0x000000070fa00000, 0x000000070fa00000| Untracked 
|  99|0x000000070fc00000, 0x000000070fc00000, 0x000000070fe00000|  0%| F|  |TAMS 0x000000070fc00000, 0x000000070fc00000| Untracked 
| 100|0x000000070fe00000, 0x000000070fe00000, 0x0000000710000000|  0%| F|  |TAMS 0x000000070fe00000, 0x000000070fe00000| Untracked 
| 101|0x0000000710000000, 0x0000000710000000, 0x0000000710200000|  0%| F|  |TAMS 0x0000000710000000, 0x0000000710000000| Untracked 
| 102|0x0000000710200000, 0x0000000710200000, 0x0000000710400000|  0%| F|  |TAMS 0x0000000710200000, 0x0000000710200000| Untracked 
| 103|0x0000000710400000, 0x0000000710400000, 0x0000000710600000|  0%| F|  |TAMS 0x0000000710400000, 0x0000000710400000| Untracked 
| 104|0x0000000710600000, 0x0000000710600000, 0x0000000710800000|  0%| F|  |TAMS 0x0000000710600000, 0x0000000710600000| Untracked 
| 105|0x0000000710800000, 0x0000000710800000, 0x0000000710a00000|  0%| F|  |TAMS 0x0000000710800000, 0x0000000710800000| Untracked 
| 106|0x0000000710a00000, 0x0000000710a00000, 0x0000000710c00000|  0%| F|  |TAMS 0x0000000710a00000, 0x0000000710a00000| Untracked 
| 107|0x0000000710c00000, 0x0000000710c00000, 0x0000000710e00000|  0%| F|  |TAMS 0x0000000710c00000, 0x0000000710c00000| Untracked 
| 108|0x0000000710e00000, 0x0000000710e00000, 0x0000000711000000|  0%| F|  |TAMS 0x0000000710e00000, 0x0000000710e00000| Untracked 
| 109|0x0000000711000000, 0x0000000711000000, 0x0000000711200000|  0%| F|  |TAMS 0x0000000711000000, 0x0000000711000000| Untracked 
| 110|0x0000000711200000, 0x0000000711200000, 0x0000000711400000|  0%| F|  |TAMS 0x0000000711200000, 0x0000000711200000| Untracked 
| 111|0x0000000711400000, 0x00000007115de4a8, 0x0000000711600000| 93%| S|CS|TAMS 0x0000000711400000, 0x0000000711400000| Complete 
| 112|0x0000000711600000, 0x0000000711600000, 0x0000000711800000|  0%| F|  |TAMS 0x0000000711600000, 0x0000000711600000| Untracked 
| 113|0x0000000711800000, 0x0000000711800000, 0x0000000711a00000|  0%| F|  |TAMS 0x0000000711800000, 0x0000000711800000| Untracked 
| 114|0x0000000711a00000, 0x0000000711a00000, 0x0000000711c00000|  0%| F|  |TAMS 0x0000000711a00000, 0x0000000711a00000| Untracked 
| 115|0x0000000711c00000, 0x0000000711c00000, 0x0000000711e00000|  0%| F|  |TAMS 0x0000000711c00000, 0x0000000711c00000| Untracked 
| 116|0x0000000711e00000, 0x0000000711e00000, 0x0000000712000000|  0%| F|  |TAMS 0x0000000711e00000, 0x0000000711e00000| Untracked 
| 117|0x0000000712000000, 0x0000000712000000, 0x0000000712200000|  0%| F|  |TAMS 0x0000000712000000, 0x0000000712000000| Untracked 
| 118|0x0000000712200000, 0x0000000712200000, 0x0000000712400000|  0%| F|  |TAMS 0x0000000712200000, 0x0000000712200000| Untracked 
| 119|0x0000000712400000, 0x0000000712400000, 0x0000000712600000|  0%| F|  |TAMS 0x0000000712400000, 0x0000000712400000| Untracked 
| 120|0x0000000712600000, 0x0000000712600000, 0x0000000712800000|  0%| F|  |TAMS 0x0000000712600000, 0x0000000712600000| Untracked 
| 121|0x0000000712800000, 0x0000000712800000, 0x0000000712a00000|  0%| F|  |TAMS 0x0000000712800000, 0x0000000712800000| Untracked 
| 122|0x0000000712a00000, 0x0000000712aaed98, 0x0000000712c00000| 34%| E|  |TAMS 0x0000000712a00000, 0x0000000712a00000| Complete 
| 123|0x0000000712c00000, 0x0000000712e00000, 0x0000000712e00000|100%| E|CS|TAMS 0x0000000712c00000, 0x0000000712c00000| Complete 
| 124|0x0000000712e00000, 0x0000000713000000, 0x0000000713000000|100%| E|CS|TAMS 0x0000000712e00000, 0x0000000712e00000| Complete 
| 125|0x0000000713000000, 0x0000000713200000, 0x0000000713200000|100%| E|CS|TAMS 0x0000000713000000, 0x0000000713000000| Complete 
| 126|0x0000000713200000, 0x0000000713400000, 0x0000000713400000|100%| E|CS|TAMS 0x0000000713200000, 0x0000000713200000| Complete 

Card table byte_map: [0x000001ba99da0000,0x000001ba9a590000] _byte_map_base: 0x000001ba96585000

Marking Bits (Prev, Next): (CMBitMap*) 0x000001ba82a58750, (CMBitMap*) 0x000001ba82a58790
 Prev Bits: [0x000001ba9ad80000, 0x000001ba9eca8000)
 Next Bits: [0x000001ba9ecb0000, 0x000001baa2bd8000)

Polling page: 0x000001ba80910000

Metaspace:

Usage:
  Non-class:     11.79 MB used.
      Class:      1.64 MB used.
       Both:     13.43 MB used.

Virtual space:
  Non-class space:       64.00 MB reserved,      11.94 MB ( 19%) committed,  1 nodes.
      Class space:        1.00 GB reserved,       1.75 MB ( <1%) committed,  1 nodes.
             Both:        1.06 GB reserved,      13.69 MB (  1%) committed. 

Chunk freelists:
   Non-Class:  3.64 MB
       Class:  14.20 MB
        Both:  17.84 MB

MaxMetaspaceSize: unlimited
CompressedClassSpaceSize: 1.00 GB
Initial GC threshold: 21.00 MB
Current GC threshold: 21.00 MB
CDS: on
MetaspaceReclaimPolicy: balanced
 - commit_granule_bytes: 65536.
 - commit_granule_words: 8192.
 - virtual_space_node_default_size: 8388608.
 - enlarge_chunks_in_place: 1.
 - new_chunks_are_fully_committed: 0.
 - uncommit_free_chunks: 1.
 - use_allocation_guard: 0.
 - handle_deallocations: 1.


Internal statistics:

num_allocs_failed_limit: 0.
num_arena_births: 244.
num_arena_deaths: 0.
num_vsnodes_births: 2.
num_vsnodes_deaths: 0.
num_space_committed: 219.
num_space_uncommitted: 0.
num_chunks_returned_to_freelist: 0.
num_chunks_taken_from_freelist: 676.
num_chunk_merges: 0.
num_chunk_splits: 452.
num_chunks_enlarged: 347.
num_inconsistent_stats: 0.

CodeHeap 'non-profiled nmethods': size=120000Kb used=713Kb max_used=713Kb free=119286Kb
 bounds [0x000001ba91d50000, 0x000001ba91fc0000, 0x000001ba99280000]
CodeHeap 'profiled nmethods': size=120000Kb used=3700Kb max_used=3700Kb free=116299Kb
 bounds [0x000001ba8a280000, 0x000001ba8a620000, 0x000001ba917b0000]
CodeHeap 'non-nmethods': size=5760Kb used=1210Kb max_used=1229Kb free=4549Kb
 bounds [0x000001ba917b0000, 0x000001ba91a20000, 0x000001ba91d50000]
 total_blobs=2440 nmethods=1944 adapters=408
 compilation: enabled
              stopped_count=0, restarted_count=0
 full_count=0

Compilation events (20 events):
Event: 1.341 Thread 0x000001baa5677610 1925       3       java.lang.reflect.ReflectAccess::getRoot (5 bytes)
Event: 1.341 Thread 0x000001baa5677610 nmethod 1925 0x000001ba8a615f10 code [0x000001ba8a6160c0, 0x000001ba8a616288]
Event: 1.341 Thread 0x000001baa5677610 1927       3       java.lang.invoke.MethodHandles$Lookup$ClassDefiner::<init> (58 bytes)
Event: 1.341 Thread 0x000001baa5677610 nmethod 1927 0x000001ba8a616390 code [0x000001ba8a616540, 0x000001ba8a6167f8]
Event: 1.341 Thread 0x000001baa5677610 1930       1       org.springframework.core.annotation.AnnotationTypeMapping::getAnnotationType (5 bytes)
Event: 1.341 Thread 0x000001baa5677610 nmethod 1930 0x000001ba91dfe690 code [0x000001ba91dfe820, 0x000001ba91dfe8f8]
Event: 1.341 Thread 0x000001baa5677610 1928       3       java.lang.invoke.MethodHandles$Lookup$ClassDefiner::defineClass (97 bytes)
Event: 1.343 Thread 0x000001baa5677610 nmethod 1928 0x000001ba8a616910 code [0x000001ba8a616ba0, 0x000001ba8a617a58]
Event: 1.343 Thread 0x000001baa5677610 1931       3       jdk.internal.loader.AbstractClassLoaderValue$Sub::hashCode (19 bytes)
Event: 1.343 Thread 0x000001baa5677610 nmethod 1931 0x000001ba8a618010 code [0x000001ba8a6181e0, 0x000001ba8a618558]
Event: 1.343 Thread 0x000001baa5677610 1929       3       java.lang.System$2::defineClass (21 bytes)
Event: 1.343 Thread 0x000001baa5677610 nmethod 1929 0x000001ba8a618690 code [0x000001ba8a618840, 0x000001ba8a6189c8]
Event: 1.343 Thread 0x000001baa5677610 1932       3       org.springframework.core.annotation.AnnotationsScanner::getDeclaredAnnotations (166 bytes)
Event: 1.343 Thread 0x000001baa5670b40 1933       4       org.springframework.core.annotation.AttributeMethods::size (6 bytes)
Event: 1.344 Thread 0x000001baa5670b40 nmethod 1933 0x000001ba91dfe990 code [0x000001ba91dfeb00, 0x000001ba91dfeb98]
Event: 1.344 Thread 0x000001baa5677610 nmethod 1932 0x000001ba8a618a90 code [0x000001ba8a618da0, 0x000001ba8a61a358]
Event: 1.345 Thread 0x000001baa5677610 1934       3       jdk.internal.loader.AbstractClassLoaderValue::extractValue (17 bytes)
Event: 1.345 Thread 0x000001baa5677610 nmethod 1934 0x000001ba8a61a810 code [0x000001ba8a61a9c0, 0x000001ba8a61ad68]
Event: 1.345 Thread 0x000001baa5677610 1935       1       org.springframework.core.annotation.AnnotationTypeMapping::getDistance (5 bytes)
Event: 1.345 Thread 0x000001baa5677610 nmethod 1935 0x000001ba91dfec90 code [0x000001ba91dfee20, 0x000001ba91dfeef8]

GC Heap History (4 events):
Event: 0.710 GC heap before
{Heap before GC invocations=0 (full 0):
 garbage-first heap   total 260096K, used 22528K [0x0000000703600000, 0x0000000800000000)
  region size 2048K, 11 young (22528K), 0 survivors (0K)
 Metaspace       used 4891K, committed 5120K, reserved 1114112K
  class space    used 550K, committed 640K, reserved 1048576K
}
Event: 0.714 GC heap after
{Heap after GC invocations=1 (full 0):
 garbage-first heap   total 260096K, used 7125K [0x0000000703600000, 0x0000000800000000)
  region size 2048K, 2 young (4096K), 2 survivors (4096K)
 Metaspace       used 4891K, committed 5120K, reserved 1114112K
  class space    used 550K, committed 640K, reserved 1048576K
}
Event: 1.237 GC heap before
{Heap before GC invocations=1 (full 0):
 garbage-first heap   total 260096K, used 33749K [0x0000000703600000, 0x0000000800000000)
  region size 2048K, 15 young (30720K), 2 survivors (4096K)
 Metaspace       used 11685K, committed 11968K, reserved 1114112K
  class space    used 1430K, committed 1600K, reserved 1048576K
}
Event: 1.242 GC heap after
{Heap after GC invocations=2 (full 0):
 garbage-first heap   total 260096K, used 9455K [0x0000000703600000, 0x0000000800000000)
  region size 2048K, 1 young (2048K), 1 survivors (2048K)
 Metaspace       used 11685K, committed 11968K, reserved 1114112K
  class space    used 1430K, committed 1600K, reserved 1048576K
}

Deoptimization events (20 events):
Event: 1.291 Thread 0x000001baebb9a410 Uncommon trap: trap_request=0xffffff45 fr.pc=0x000001ba91d65168 relative=0x0000000000000448
Event: 1.291 Thread 0x000001baebb9a410 Uncommon trap: reason=unstable_if action=reinterpret pc=0x000001ba91d65168 method=java.lang.StringLatin1.canEncode(I)Z @ 4 c2
Event: 1.291 Thread 0x000001baebb9a410 DEOPT PACKING pc=0x000001ba91d65168 sp=0x0000006c0c1fde10
Event: 1.291 Thread 0x000001baebb9a410 DEOPT UNPACKING pc=0x000001ba91805ba3 sp=0x0000006c0c1fdd38 mode 2
Event: 1.291 Thread 0x000001baebb9a410 Uncommon trap: trap_request=0xffffff45 fr.pc=0x000001ba91d684d0 relative=0x0000000000000430
Event: 1.291 Thread 0x000001baebb9a410 Uncommon trap: reason=unstable_if action=reinterpret pc=0x000001ba91d684d0 method=java.lang.AbstractStringBuilder.isLatin1()Z @ 10 c2
Event: 1.291 Thread 0x000001baebb9a410 DEOPT PACKING pc=0x000001ba91d684d0 sp=0x0000006c0c1fde30
Event: 1.291 Thread 0x000001baebb9a410 DEOPT UNPACKING pc=0x000001ba91805ba3 sp=0x0000006c0c1fddb0 mode 2
Event: 1.291 Thread 0x000001baebb9a410 Uncommon trap: trap_request=0xffffff45 fr.pc=0x000001ba91dc6b5c relative=0x000000000000005c
Event: 1.291 Thread 0x000001baebb9a410 Uncommon trap: reason=unstable_if action=reinterpret pc=0x000001ba91dc6b5c method=java.lang.AbstractStringBuilder.isLatin1()Z @ 10 c2
Event: 1.291 Thread 0x000001baebb9a410 DEOPT PACKING pc=0x000001ba91dc6b5c sp=0x0000006c0c1fde10
Event: 1.291 Thread 0x000001baebb9a410 DEOPT UNPACKING pc=0x000001ba91805ba3 sp=0x0000006c0c1fdda0 mode 2
Event: 1.294 Thread 0x000001baebb9a410 Uncommon trap: trap_request=0xffffff45 fr.pc=0x000001ba91da4b48 relative=0x0000000000000048
Event: 1.294 Thread 0x000001baebb9a410 Uncommon trap: reason=unstable_if action=reinterpret pc=0x000001ba91da4b48 method=java.lang.CharacterData.of(I)Ljava/lang/CharacterData; @ 4 c2
Event: 1.294 Thread 0x000001baebb9a410 DEOPT PACKING pc=0x000001ba91da4b48 sp=0x0000006c0c1fd5e0
Event: 1.294 Thread 0x000001baebb9a410 DEOPT UNPACKING pc=0x000001ba91805ba3 sp=0x0000006c0c1fd578 mode 2
Event: 1.315 Thread 0x000001baebadd430 Uncommon trap: trap_request=0xffffff45 fr.pc=0x000001ba91dc86fc relative=0x00000000000002dc
Event: 1.315 Thread 0x000001baebadd430 Uncommon trap: reason=unstable_if action=reinterpret pc=0x000001ba91dc86fc method=jdk.internal.org.objectweb.asm.SymbolTable.put(Ljdk/internal/org/objectweb/asm/SymbolTable$Entry;)Ljdk/internal/org/objectweb/asm/SymbolTable$Entry; @ 13 c2
Event: 1.315 Thread 0x000001baebadd430 DEOPT PACKING pc=0x000001ba91dc86fc sp=0x0000006c0bafcdd0
Event: 1.315 Thread 0x000001baebadd430 DEOPT UNPACKING pc=0x000001ba91805ba3 sp=0x0000006c0bafcd50 mode 2

Classes unloaded (0 events):
No events

Classes redefined (0 events):
No events

Internal exceptions (20 events):
Event: 0.934 Thread 0x000001baebadd430 Exception <a 'java/lang/NoSuchMethodError'{0x0000000712a2a610}: 'java.lang.Object java.lang.invoke.DirectMethodHandle$Holder.invokeSpecial(java.lang.Object, java.lang.Object, java.lang.Object, java.lang.Object, java.lang.Object, java.lang.Object, java.lang.Object, int)'> (0x0000000712a2a610) 
thrown [s\open\src\hotspot\share\interpreter\linkResolver.cpp, line 759]
Event: 0.974 Thread 0x000001baebadd430 Exception <a 'java/lang/NoSuchMethodError'{0x0000000712b65500}: 'int java.lang.invoke.DirectMethodHandle$Holder.invokeInterface(java.lang.Object, java.lang.Object)'> (0x0000000712b65500) 
thrown [s\open\src\hotspot\share\interpreter\linkResolver.cpp, line 759]
Event: 0.978 Thread 0x000001baebadd430 Exception <a 'java/lang/NoSuchMethodError'{0x0000000712b8e900}: 'void java.lang.invoke.DirectMethodHandle$Holder.invokeSpecial(java.lang.Object, java.lang.Object, java.lang.Object, java.lang.Object, java.lang.Object)'> (0x0000000712b8e900) 
thrown [s\open\src\hotspot\share\interpreter\linkResolver.cpp, line 759]
Event: 0.987 Thread 0x000001baebadd430 Exception <a 'java/lang/NoSuchMethodError'{0x0000000712bdea60}: 'int java.lang.invoke.DirectMethodHandle$Holder.invokeVirtual(java.lang.Object, java.lang.Object)'> (0x0000000712bdea60) 
thrown [s\open\src\hotspot\share\interpreter\linkResolver.cpp, line 759]
Event: 1.004 Thread 0x000001baebadd430 Exception <a 'java/lang/NoSuchMethodError'{0x0000000712881fe0}: 'java.lang.Object java.lang.invoke.DirectMethodHandle$Holder.invokeSpecial(java.lang.Object, java.lang.Object, java.lang.Object, int, java.lang.Object)'> (0x0000000712881fe0) 
thrown [s\open\src\hotspot\share\interpreter\linkResolver.cpp, line 759]
Event: 1.004 Thread 0x000001baebadd430 Exception <a 'java/lang/NoSuchMethodError'{0x000000071288a8a0}: 'java.lang.Object java.lang.invoke.DirectMethodHandle$Holder.newInvokeSpecial(java.lang.Object, java.lang.Object, java.lang.Object, int, java.lang.Object)'> (0x000000071288a8a0) 
thrown [s\open\src\hotspot\share\interpreter\linkResolver.cpp, line 759]
Event: 1.005 Thread 0x000001baebadd430 Exception <a 'java/lang/NoSuchMethodError'{0x0000000712892270}: 'java.lang.Object java.lang.invoke.Invokers$Holder.linkToTargetMethod(java.lang.Object, java.lang.Object, int, java.lang.Object, java.lang.Object)'> (0x0000000712892270) 
thrown [s\open\src\hotspot\share\interpreter\linkResolver.cpp, line 759]
Event: 1.007 Thread 0x000001baebadd430 Exception <a 'java/lang/NoSuchMethodError'{0x00000007128a4658}: 'java.lang.Object java.lang.invoke.DirectMethodHandle$Holder.newInvokeSpecial(java.lang.Object, int, java.lang.Object)'> (0x00000007128a4658) 
thrown [s\open\src\hotspot\share\interpreter\linkResolver.cpp, line 759]
Event: 1.007 Thread 0x000001baebadd430 Exception <a 'java/lang/NoSuchMethodError'{0x00000007128a9338}: 'int java.lang.invoke.DirectMethodHandle$Holder.invokeSpecialIFC(java.lang.Object, java.lang.Object, java.lang.Object, java.lang.Object)'> (0x00000007128a9338) 
thrown [s\open\src\hotspot\share\interpreter\linkResolver.cpp, line 759]
Event: 1.024 Thread 0x000001baebadd430 Exception <a 'java/lang/NoSuchMethodError'{0x0000000712985c20}: 'void java.lang.invoke.DirectMethodHandle$Holder.invokeInterface(java.lang.Object, java.lang.Object, java.lang.Object)'> (0x0000000712985c20) 
thrown [s\open\src\hotspot\share\interpreter\linkResolver.cpp, line 759]
Event: 1.040 Thread 0x000001baebadd430 Exception <a 'java/lang/NoSuchMethodError'{0x000000071262d738}: 'java.lang.Object java.lang.invoke.DirectMethodHandle$Holder.invokeVirtual(java.lang.Object, java.lang.Object, java.lang.Object)'> (0x000000071262d738) 
thrown [s\open\src\hotspot\share\interpreter\linkResolver.cpp, line 759]
Event: 1.060 Thread 0x000001baebadd430 Exception <a 'java/lang/NoSuchMethodError'{0x0000000712724f80}: 'void java.lang.invoke.DirectMethodHandle$Holder.invokeStaticInit(java.lang.Object, java.lang.Object, java.lang.Object)'> (0x0000000712724f80) 
thrown [s\open\src\hotspot\share\interpreter\linkResolver.cpp, line 759]
Event: 1.077 Thread 0x000001baebadd430 Exception <a 'java/lang/NoSuchMethodError'{0x00000007127d8c08}: 'void java.lang.invoke.DirectMethodHandle$Holder.invokeVirtual(java.lang.Object, java.lang.Object, java.lang.Object, java.lang.Object)'> (0x00000007127d8c08) 
thrown [s\open\src\hotspot\share\interpreter\linkResolver.cpp, line 759]
Event: 1.096 Thread 0x000001baebadd430 Exception <a 'java/lang/NoSuchMethodError'{0x000000071248be18}: 'java.lang.Object java.lang.invoke.DirectMethodHandle$Holder.invokeSpecial(java.lang.Object, java.lang.Object, long, java.lang.Object, java.lang.Object, java.lang.Object, java.lang.Object, java.lang.Object, java.lang.Object)'> (0x000000071248be18) 
thrown [s\open\src\hotspot\share\interpreter\linkResolver.cpp, line 759]
Event: 1.096 Thread 0x000001baebadd430 Exception <a 'java/lang/NoSuchMethodError'{0x00000007124908e8}: 'java.lang.Object java.lang.invoke.DelegatingMethodHandle$Holder.reinvoke_L(java.lang.Object, long, java.lang.Object, java.lang.Object, java.lang.Object, java.lang.Object, java.lang.Object, java.lang.Object)'> (0x00000007124908e8) 
thrown [s\open\src\hotspot\share\interpreter\linkResolver.cpp, line 759]
Event: 1.127 Thread 0x000001baebadd430 Exception <a 'java/lang/NoSuchMethodError'{0x00000007125bd650}: 'void java.lang.invoke.DirectMethodHandle$Holder.invokeSpecial(java.lang.Object, java.lang.Object, java.lang.Object)'> (0x00000007125bd650) 
thrown [s\open\src\hotspot\share\interpreter\linkResolver.cpp, line 759]
Event: 1.136 Thread 0x000001baebb9a410 Exception <a 'java/lang/NoClassDefFoundError'{0x0000000712217420}: jakarta/validation/Validation> (0x0000000712217420) 
thrown [s\open\src\hotspot\share\classfile\systemDictionary.cpp, line 245]
Event: 1.139 Thread 0x000001baebadd430 Exception <a 'java/lang/NoSuchMethodError'{0x000000071223f240}: 'java.lang.Object java.lang.invoke.DirectMethodHandle$Holder.invokeStatic(java.lang.Object, java.lang.Object, int)'> (0x000000071223f240) 
thrown [s\open\src\hotspot\share\interpreter\linkResolver.cpp, line 759]
Event: 1.140 Thread 0x000001baebadd430 Exception <a 'java/lang/NoSuchMethodError'{0x000000071224ac58}: 'void java.lang.invoke.DelegatingMethodHandle$Holder.delegate(java.lang.Object, java.lang.Object, int, java.lang.Object)'> (0x000000071224ac58) 
thrown [s\open\src\hotspot\share\interpreter\linkResolver.cpp, line 759]
Event: 1.153 Thread 0x000001baebadd430 Exception <a 'java/lang/IncompatibleClassChangeError'{0x000000071239f780}: Found class java.lang.Object, but interface was expected> (0x000000071239f780) 
thrown [s\open\src\hotspot\share\interpreter\linkResolver.cpp, line 826]

VM Operations (20 events):
Event: 0.772 Executing VM operation: HandshakeAllThreads
Event: 0.772 Executing VM operation: HandshakeAllThreads done
Event: 0.985 Executing VM operation: HandshakeAllThreads
Event: 0.985 Executing VM operation: HandshakeAllThreads done
Event: 1.094 Executing VM operation: ICBufferFull
Event: 1.095 Executing VM operation: ICBufferFull done
Event: 1.125 Executing VM operation: HandshakeAllThreads
Event: 1.125 Executing VM operation: HandshakeAllThreads done
Event: 1.125 Executing VM operation: HandshakeAllThreads
Event: 1.125 Executing VM operation: HandshakeAllThreads done
Event: 1.138 Executing VM operation: HandshakeAllThreads
Event: 1.138 Executing VM operation: HandshakeAllThreads done
Event: 1.237 Executing VM operation: G1CollectForAllocation
Event: 1.237 Executing VM operation: G1CollectForAllocation done
Event: 1.237 Executing VM operation: G1CollectForAllocation
Event: 1.242 Executing VM operation: G1CollectForAllocation done
Event: 1.294 Executing VM operation: HandshakeAllThreads
Event: 1.295 Executing VM operation: HandshakeAllThreads done
Event: 2.304 Executing VM operation: Cleanup
Event: 2.304 Executing VM operation: Cleanup done

Events (20 events):
Event: 1.300 loading class jdk/internal/reflect/ClassFileAssembler
Event: 1.300 loading class jdk/internal/reflect/ClassFileAssembler done
Event: 1.301 loading class jdk/internal/reflect/UTF8
Event: 1.301 loading class jdk/internal/reflect/UTF8 done
Event: 1.301 loading class jdk/internal/reflect/Label
Event: 1.302 loading class jdk/internal/reflect/Label done
Event: 1.302 loading class jdk/internal/reflect/Label$PatchInfo
Event: 1.302 loading class jdk/internal/reflect/Label$PatchInfo done
Event: 1.302 loading class jdk/internal/reflect/MethodAccessorGenerator$1
Event: 1.302 loading class jdk/internal/reflect/MethodAccessorGenerator$1 done
Event: 1.302 loading class jdk/internal/reflect/ClassDefiner
Event: 1.302 loading class jdk/internal/reflect/ClassDefiner done
Event: 1.302 loading class jdk/internal/reflect/ClassDefiner$1
Event: 1.302 loading class jdk/internal/reflect/ClassDefiner$1 done
Event: 1.303 loading class jdk/internal/reflect/BootstrapConstructorAccessorImpl
Event: 1.303 loading class jdk/internal/reflect/BootstrapConstructorAccessorImpl done
Event: 1.304 loading class java/io/CharArrayReader
Event: 1.304 loading class java/io/CharArrayReader done
Event: 1.309 loading class java/lang/annotation/Repeatable
Event: 1.310 loading class java/lang/annotation/Repeatable done


Dynamic libraries:
0x00007ff621670000 - 0x00007ff621680000 	C:\Program Files\Java\jdk-17\bin\java.exe
0x00007fff90e80000 - 0x00007fff910e3000 	C:\WINDOWS\SYSTEM32\ntdll.dll
0x00007fff8f570000 - 0x00007fff8f637000 	C:\WINDOWS\System32\KERNEL32.DLL
0x00007fff8e4e0000 - 0x00007fff8e8a7000 	C:\WINDOWS\System32\KERNELBASE.dll
0x00007fff89f50000 - 0x00007fff89fec000 	C:\WINDOWS\SYSTEM32\apphelp.dll
0x00007fff8e8b0000 - 0x00007fff8e9fc000 	C:\WINDOWS\System32\ucrtbase.dll
0x00007fff77e40000 - 0x00007fff77e5b000 	C:\Program Files\Java\jdk-17\bin\VCRUNTIME140.dll
0x00007fff72ec0000 - 0x00007fff72ed9000 	C:\Program Files\Java\jdk-17\bin\jli.dll
0x00007fff8fd80000 - 0x00007fff8fe34000 	C:\WINDOWS\System32\ADVAPI32.dll
0x00007fff90b80000 - 0x00007fff90c29000 	C:\WINDOWS\System32\msvcrt.dll
0x00007fff90a70000 - 0x00007fff90b16000 	C:\WINDOWS\System32\sechost.dll
0x00007fff8f8d0000 - 0x00007fff8f9e6000 	C:\WINDOWS\System32\RPCRT4.dll
0x00007fff8ecc0000 - 0x00007fff8ee89000 	C:\WINDOWS\System32\USER32.dll
0x00007fff8e3f0000 - 0x00007fff8e417000 	C:\WINDOWS\System32\win32u.dll
0x00007fff6c6c0000 - 0x00007fff6c950000 	C:\WINDOWS\WinSxS\amd64_microsoft.windows.common-controls_6595b64144ccf1df_6.0.26100.3037_none_3e09262ce333c378\COMCTL32.dll
0x00007fff902a0000 - 0x00007fff902ca000 	C:\WINDOWS\System32\GDI32.dll
0x00007fff8e220000 - 0x00007fff8e34b000 	C:\WINDOWS\System32\gdi32full.dll
0x00007fff8ec10000 - 0x00007fff8ecb3000 	C:\WINDOWS\System32\msvcp_win.dll
0x00007fff85e00000 - 0x00007fff85e0b000 	C:\WINDOWS\SYSTEM32\VERSION.dll
0x00007fff8f890000 - 0x00007fff8f8bf000 	C:\WINDOWS\System32\IMM32.DLL
0x00007fff85e10000 - 0x00007fff85e1c000 	C:\Program Files\Java\jdk-17\bin\vcruntime140_1.dll
0x00007fff4b000000 - 0x00007fff4b08e000 	C:\Program Files\Java\jdk-17\bin\msvcp140.dll
0x00007ffeff810000 - 0x00007fff003ef000 	C:\Program Files\Java\jdk-17\bin\server\jvm.dll
0x00007fff8f880000 - 0x00007fff8f888000 	C:\WINDOWS\System32\PSAPI.DLL
0x00007fff854f0000 - 0x00007fff85526000 	C:\WINDOWS\SYSTEM32\WINMM.dll
0x00007fff71210000 - 0x00007fff7121a000 	C:\WINDOWS\SYSTEM32\WSOCK32.dll
0x00007fff8f390000 - 0x00007fff8f404000 	C:\WINDOWS\System32\WS2_32.dll
0x00007fff8d030000 - 0x00007fff8d04a000 	C:\WINDOWS\SYSTEM32\kernel.appcore.dll
0x00007fff71200000 - 0x00007fff7120a000 	C:\Program Files\Java\jdk-17\bin\jimage.dll
0x00007fff8bbe0000 - 0x00007fff8be21000 	C:\WINDOWS\SYSTEM32\DBGHELP.DLL
0x00007fff8f9f0000 - 0x00007fff8fd6e000 	C:\WINDOWS\System32\combase.dll
0x00007fff90d60000 - 0x00007fff90e36000 	C:\WINDOWS\System32\OLEAUT32.dll
0x00007fff6a030000 - 0x00007fff6a069000 	C:\WINDOWS\SYSTEM32\dbgcore.DLL
0x00007fff8e350000 - 0x00007fff8e3e9000 	C:\WINDOWS\System32\bcryptPrimitives.dll
0x00007fff711d0000 - 0x00007fff711de000 	C:\Program Files\Java\jdk-17\bin\instrument.dll
0x00007fff6c240000 - 0x00007fff6c265000 	C:\Program Files\Java\jdk-17\bin\java.dll
0x00007fff43f80000 - 0x00007fff44057000 	C:\Program Files\Java\jdk-17\bin\jsvml.dll
0x00007fff902d0000 - 0x00007fff909d4000 	C:\WINDOWS\System32\SHELL32.dll
0x00007fff8bea0000 - 0x00007fff8c6d7000 	C:\WINDOWS\SYSTEM32\windows.storage.dll
0x00007fff8ffe0000 - 0x00007fff900c9000 	C:\WINDOWS\System32\SHCORE.dll
0x00007fff8eea0000 - 0x00007fff8eefd000 	C:\WINDOWS\System32\shlwapi.dll
0x00007fff8e130000 - 0x00007fff8e15e000 	C:\WINDOWS\SYSTEM32\profapi.dll
0x00007fff6c220000 - 0x00007fff6c238000 	C:\Program Files\Java\jdk-17\bin\zip.dll
0x00007fff711b0000 - 0x00007fff711c9000 	C:\Program Files\Java\jdk-17\bin\net.dll
0x00007fff89690000 - 0x00007fff897ae000 	C:\WINDOWS\SYSTEM32\WINHTTP.dll
0x00007fff8d560000 - 0x00007fff8d5c8000 	C:\WINDOWS\system32\mswsock.dll
0x00007fff6c2e0000 - 0x00007fff6c2f6000 	C:\Program Files\Java\jdk-17\bin\nio.dll
0x00007fff6c1b0000 - 0x00007fff6c1ca000 	C:\Program Files\JetBrains\IntelliJ IDEA Community Edition 2022.3.3\bin\breakgen64.dll
0x00007fff6c210000 - 0x00007fff6c21a000 	C:\Program Files\Java\jdk-17\bin\management.dll
0x00007fff6c1a0000 - 0x00007fff6c1ab000 	C:\Program Files\Java\jdk-17\bin\management_ext.dll

dbghelp: loaded successfully - version: 4.0.5 - missing functions: none
symbol engine: initialized successfully - sym options: 0x614 - pdb path: .;C:\Program Files\Java\jdk-17\bin;C:\WINDOWS\SYSTEM32;C:\WINDOWS\WinSxS\amd64_microsoft.windows.common-controls_6595b64144ccf1df_6.0.26100.3037_none_3e09262ce333c378;C:\Program Files\Java\jdk-17\bin\server;C:\Program Files\JetBrains\IntelliJ IDEA Community Edition 2022.3.3\bin

VM Arguments:
jvm_args: -javaagent:C:\Program Files\JetBrains\IntelliJ IDEA Community Edition 2022.3.3\lib\idea_rt.jar=59643:C:\Program Files\JetBrains\IntelliJ IDEA Community Edition 2022.3.3\bin -Dfile.encoding=UTF-8 
java_command: com.springboot.login.LoginUserApplication
java_class_path (initial): E:\MyWorkSpace\SpringBoot\SpringBootLearning\LoginUser\target\classes;C:\Users\ITACHI\.m2\repository\org\springframework\boot\spring-boot-starter-data-jpa\3.4.1\spring-boot-starter-data-jpa-3.4.1.jar;C:\Users\ITACHI\.m2\repository\org\springframework\boot\spring-boot-starter\3.4.1\spring-boot-starter-3.4.1.jar;C:\Users\ITACHI\.m2\repository\org\springframework\boot\spring-boot-starter-logging\3.4.1\spring-boot-starter-logging-3.4.1.jar;C:\Users\ITACHI\.m2\repository\ch\qos\logback\logback-classic\1.5.12\logback-classic-1.5.12.jar;C:\Users\ITACHI\.m2\repository\ch\qos\logback\logback-core\1.5.12\logback-core-1.5.12.jar;C:\Users\ITACHI\.m2\repository\org\apache\logging\log4j\log4j-to-slf4j\2.24.3\log4j-to-slf4j-2.24.3.jar;C:\Users\ITACHI\.m2\repository\org\apache\logging\log4j\log4j-api\2.24.3\log4j-api-2.24.3.jar;C:\Users\ITACHI\.m2\repository\org\slf4j\jul-to-slf4j\2.0.16\jul-to-slf4j-2.0.16.jar;C:\Users\ITACHI\.m2\repository\jakarta\annotation\jakarta.annotation-api\2.1.1\jakarta.annotation-api-2.1.1.jar;C:\Users\ITACHI\.m2\repository\org\yaml\snakeyaml\2.3\snakeyaml-2.3.jar;C:\Users\ITACHI\.m2\repository\org\springframework\boot\spring-boot-starter-jdbc\3.4.1\spring-boot-starter-jdbc-3.4.1.jar;C:\Users\ITACHI\.m2\repository\com\zaxxer\HikariCP\5.1.0\HikariCP-5.1.0.jar;C:\Users\ITACHI\.m2\repository\org\springframework\spring-jdbc\6.2.1\spring-jdbc-6.2.1.jar;C:\Users\ITACHI\.m2\repository\org\hibernate\orm\hibernate-core\6.6.4.Final\hibernate-core-6.6.4.Final.jar;C:\Users\ITACHI\.m2\repository\jakarta\persistence\jakarta.persistence-api\3.1.0\jakarta.persistence-api-3.1.0.jar;C:\Users\ITACHI\.m2\repository\jakarta\transaction\jakarta.transaction-api\2.0.1\jakarta.transaction-api-2.0.1.jar;C:\Users\ITACHI\.m2\repository\org\jboss\logging\jboss-logging\3.6.1.Final\jboss-logging-3.6.1.Final.jar;C:\Users\ITACHI\.m2\repository\org\hibernate\common\hibernate-commons-annotations\7.0.3.Final\hibernate-commons-annotations-7.0.3.Final.jar;C:\User
Launcher Type: SUN_STANDARD

[Global flags]
     intx CICompilerCount                          = 4                                         {product} {ergonomic}
     uint ConcGCThreads                            = 2                                         {product} {ergonomic}
     uint G1ConcRefinementThreads                  = 8                                         {product} {ergonomic}
   size_t G1HeapRegionSize                         = 2097152                                   {product} {ergonomic}
    uintx GCDrainStackTargetSize                   = 64                                        {product} {ergonomic}
   size_t InitialHeapSize                          = 266338304                                 {product} {ergonomic}
   size_t MarkStackSize                            = 4194304                                   {product} {ergonomic}
   size_t MaxHeapSize                              = 4238344192                                {product} {ergonomic}
   size_t MaxNewSize                               = 2541748224                                {product} {ergonomic}
   size_t MinHeapDeltaBytes                        = 2097152                                   {product} {ergonomic}
   size_t MinHeapSize                              = 8388608                                   {product} {ergonomic}
    uintx NonNMethodCodeHeapSize                   = 5839372                                {pd product} {ergonomic}
    uintx NonProfiledCodeHeapSize                  = 122909434                              {pd product} {ergonomic}
    uintx ProfiledCodeHeapSize                     = 122909434                              {pd product} {ergonomic}
    uintx ReservedCodeCacheSize                    = 251658240                              {pd product} {ergonomic}
     bool SegmentedCodeCache                       = true                                      {product} {ergonomic}
   size_t SoftMaxHeapSize                          = 4238344192                             {manageable} {ergonomic}
     bool UseCompressedClassPointers               = true                           {product lp64_product} {ergonomic}
     bool UseCompressedOops                        = true                           {product lp64_product} {ergonomic}
     bool UseG1GC                                  = true                                      {product} {ergonomic}
     bool UseLargePagesIndividualAllocation        = false                                  {pd product} {ergonomic}

Logging:
Log output configuration:
 #0: stdout all=warning uptime,level,tags
 #1: stderr all=off uptime,level,tags

Environment Variables:
JAVA_HOME=C:\Program Files\Java\jdk-17\bin
CLASSPATH=C:\Users\#ITACHI\Downloads\Compressed\mysql-connector-java.jar\mysql-connector-java.jar;.;
PATH=C:\Python312\Scripts\;C:\Python312\;C:\Program Files\Common Files\Oracle\Java\javapath;C:\WINDOWS\system32;C:\WINDOWS;C:\WINDOWS\System32\Wbem;C:\WINDOWS\System32\WindowsPowerShell\v1.0\;C:\WINDOWS\System32\OpenSSH\;C:\Program Files\Java\jdk-19\bin;C:\Users\#ITACHI\Downloads\Compressed\platform-tools_r34.0.1-windows\platform-tools;C:\Program Files\Git\cmd;C:\Users\ITACHI\AppData\Roaming\npm;C:\Program Files\nodejs\;C:\ProgramData\chocolatey\bin;C:\Program Files\MySQL\MySQL Shell 8.0\bin\;C:\Users\#ITACHI\AppData\Local\Microsoft\WindowsApps;C:\Users\#ITACHI\AppData\Roaming\npm;C:\Program Files\JetBrains\IntelliJ IDEA Community Edition 2022.3.3\bin;C:\Users\ITACHI\AppData\Local\Microsoft\WindowsApps;C:\Users\#ITACHI\AppData\Local\GitHubDesktop\bin;C:\apache-maven-3.9.4\bin;C:\Users\ITACHI\AppData\Local\Programs\Microsoft VS Code\bin;;C:\Users\ITACHI\AppData\Local\Programs\Fiddler;C:\Users\ITACHI\AppData\Roaming\npm;%USERPROFILE%\AppData\Local\Microsoft\WindowsApps
USERNAME=ITACHI
OS=Windows_NT
PROCESSOR_IDENTIFIER=Intel64 Family 6 Model 140 Stepping 1, GenuineIntel



---------------  S Y S T E M  ---------------

OS:
 Windows 11 , 64 bit Build 26100 (10.0.26100.3037)
OS uptime: 0 days 11:54 hours
Hyper-V role detected

CPU: total 8 (initial active 8) (4 cores per cpu, 2 threads per core) family 6 model 140 stepping 1 microcode 0x78, cx8, cmov, fxsr, ht, mmx, 3dnowpref, sse, sse2, sse3, ssse3, sse4.1, sse4.2, popcnt, lzcnt, tsc, tscinvbit, avx, avx2, aes, erms, clmul, bmi1, bmi2, adx, avx512f, avx512dq, avx512cd, avx512bw, avx512vl, sha, fma, vzeroupper, avx512_vpopcntdq, avx512_vpclmulqdq, avx512_vaes, avx512_vnni, clflush, clflushopt, clwb, avx512_vbmi2, avx512_vbmi, hv

Memory: 4k page, system-wide physical 16167M (6016M free)
TotalPageFile size 16167M (AvailPageFile size 65M)
current process WorkingSet (physical memory assigned to process): 119M, peak: 119M
current process commit charge ("private bytes"): 382M, peak: 383M

vm_info: Java HotSpot(TM) 64-Bit Server VM (17.0.10+11-LTS-240) for windows-amd64 JRE (17.0.10+11-LTS-240), built on Dec 19 2023 21:47:25 by "mach5one" with MS VC++ 17.1 (VS2022)

END.
