#
# There is insufficient memory for the Java Runtime Environment to continue.
# Native memory allocation (mmap) failed to map 65536 bytes for Failed to commit metaspace.
# Possible reasons:
#   The system is out of physical RAM or swap space
#   The process is running with CompressedOops enabled, and the Java Heap may be blocking the growth of the native heap
# Possible solutions:
#   Reduce memory load on the system
#   Increase physical memory or swap space
#   Check if swap backing store is full
#   Decrease Java heap size (-Xmx/-Xms)
#   Decrease number of Java threads
#   Decrease Java thread stack sizes (-Xss)
#   Set larger code cache with -XX:ReservedCodeCacheSize=
#   JVM is running with Zero Based Compressed Oops mode in which the Java heap is
#     placed in the first 32GB address space. The Java Heap base address is the
#     maximum limit for the native heap growth. Please use -XX:HeapBaseMinAddress
#     to set the Java Heap base and to place the Java Heap above 32GB virtual address.
# This output file may be truncated or incomplete.
#
#  Out of Memory Error (virtualSpaceNode.cpp:110), pid=17948, tid=5636
#
# JRE version: Java(TM) SE Runtime Environment (17.0.10+11) (build 17.0.10+11-LTS-240)
# Java VM: Java HotSpot(TM) 64-Bit Server VM (17.0.10+11-LTS-240, mixed mode, sharing, tiered, compressed oops, compressed class ptrs, g1 gc, windows-amd64)
# No core dump will be written. Minidumps are not enabled by default on client versions of Windows
#

---------------  S U M M A R Y ------------

Command Line: -javaagent:C:\Program Files\JetBrains\IntelliJ IDEA Community Edition 2022.3.3\lib\idea_rt.jar=55356:C:\Program Files\JetBrains\IntelliJ IDEA Community Edition 2022.3.3\bin -Dfile.encoding=UTF-8 com.springboot.login.LoginUserApplication

Host: 11th Gen Intel(R) Core(TM) i5-11300H @ 3.10GHz, 8 cores, 15G,  Windows 11 , 64 bit Build 26100 (10.0.26100.3037)
Time: Sun Feb  2 02:19:51 2025 India Standard Time elapsed time: 36.473644 seconds (0d 0h 0m 36s)

---------------  T H R E A D  ---------------

Current thread (0x000001e366644040):  JavaThread "http-nio-8080-exec-2" daemon [_thread_in_vm, id=5636, stack(0x00000026e8400000,0x00000026e8500000)]

Stack: [0x00000026e8400000,0x00000026e8500000]
Native frames: (J=compiled Java code, j=interpreted, Vv=VM code, C=native code)
V  [jvm.dll+0x677a5a]
V  [jvm.dll+0x7d8b2d]
V  [jvm.dll+0x7da48e]
V  [jvm.dll+0x7daaf3]
V  [jvm.dll+0x2455ff]
V  [jvm.dll+0x7d483b]
V  [jvm.dll+0x61dc06]
V  [jvm.dll+0x1bfa87]
V  [jvm.dll+0x620570]
V  [jvm.dll+0x61e5c6]
V  [jvm.dll+0x239c1f]
V  [jvm.dll+0x628365]
V  [jvm.dll+0x1e92ed]
V  [jvm.dll+0x1e98b5]
V  [jvm.dll+0x1ea1fb]
V  [jvm.dll+0x1dfa01]
V  [jvm.dll+0x53d58c]
V  [jvm.dll+0x753438]
V  [jvm.dll+0x753524]
V  [jvm.dll+0x40babf]
V  [jvm.dll+0x411a89]
C  [java.dll+0x17ec]

Java frames: (J=compiled Java code, j=interpreted, Vv=VM code)
J 976  java.lang.ClassLoader.defineClass1(Ljava/lang/ClassLoader;Ljava/lang/String;[BIILjava/security/ProtectionDomain;Ljava/lang/String;)Ljava/lang/Class; java.base@17.0.10 (0 bytes) @ 0x000001e30f30eae3 [0x000001e30f30ea20+0x00000000000000c3]
J 4288 c2 java.security.SecureClassLoader.defineClass(Ljava/lang/String;[BIILjava/security/CodeSource;)Ljava/lang/Class; java.base@17.0.10 (16 bytes) @ 0x000001e30f5714e0 [0x000001e30f570f60+0x0000000000000580]
J 4248 c2 jdk.internal.loader.BuiltinClassLoader.findClassOnClassPathOrNull(Ljava/lang/String;)Ljava/lang/Class; java.base@17.0.10 (64 bytes) @ 0x000001e30f55c4c4 [0x000001e30f55a7c0+0x0000000000001d04]
J 2749 c2 jdk.internal.loader.BuiltinClassLoader.loadClassOrNull(Ljava/lang/String;Z)Ljava/lang/Class; java.base@17.0.10 (143 bytes) @ 0x000001e30f40344c [0x000001e30f402f40+0x000000000000050c]
J 4205 c2 jdk.internal.loader.ClassLoaders$AppClassLoader.loadClass(Ljava/lang/String;Z)Ljava/lang/Class; java.base@17.0.10 (40 bytes) @ 0x000001e30f536d6c [0x000001e30f536d20+0x000000000000004c]
J 4254 c2 java.lang.ClassLoader.loadClass(Ljava/lang/String;)Ljava/lang/Class; java.base@17.0.10 (7 bytes) @ 0x000001e30f550040 [0x000001e30f550000+0x0000000000000040]
v  ~StubRoutines::call_stub
J 976  java.lang.ClassLoader.defineClass1(Ljava/lang/ClassLoader;Ljava/lang/String;[BIILjava/security/ProtectionDomain;Ljava/lang/String;)Ljava/lang/Class; java.base@17.0.10 (0 bytes) @ 0x000001e30f30eae3 [0x000001e30f30ea20+0x00000000000000c3]
J 4288 c2 java.security.SecureClassLoader.defineClass(Ljava/lang/String;[BIILjava/security/CodeSource;)Ljava/lang/Class; java.base@17.0.10 (16 bytes) @ 0x000001e30f5714e0 [0x000001e30f570f60+0x0000000000000580]
J 4248 c2 jdk.internal.loader.BuiltinClassLoader.findClassOnClassPathOrNull(Ljava/lang/String;)Ljava/lang/Class; java.base@17.0.10 (64 bytes) @ 0x000001e30f55c4c4 [0x000001e30f55a7c0+0x0000000000001d04]
J 2749 c2 jdk.internal.loader.BuiltinClassLoader.loadClassOrNull(Ljava/lang/String;Z)Ljava/lang/Class; java.base@17.0.10 (143 bytes) @ 0x000001e30f40344c [0x000001e30f402f40+0x000000000000050c]
J 4205 c2 jdk.internal.loader.ClassLoaders$AppClassLoader.loadClass(Ljava/lang/String;Z)Ljava/lang/Class; java.base@17.0.10 (40 bytes) @ 0x000001e30f536d6c [0x000001e30f536d20+0x000000000000004c]
J 4254 c2 java.lang.ClassLoader.loadClass(Ljava/lang/String;)Ljava/lang/Class; java.base@17.0.10 (7 bytes) @ 0x000001e30f550040 [0x000001e30f550000+0x0000000000000040]
v  ~StubRoutines::call_stub
j  org.hibernate.internal.AbstractSharedSessionContract.createCriteriaQuery(Lorg/hibernate/query/sqm/tree/SqmStatement;Ljava/lang/Class;)Lorg/hibernate/query/spi/QueryImplementor;+0
j  org.hibernate.internal.AbstractSharedSessionContract.createQuery(Ljakarta/persistence/criteria/CriteriaQuery;)Lorg/hibernate/query/spi/QueryImplementor;+105
j  org.hibernate.internal.AbstractSharedSessionContract.createQuery(Ljakarta/persistence/criteria/CriteriaQuery;)Lorg/hibernate/query/Query;+2
v  ~StubRoutines::call_stub
J 4243  jdk.internal.reflect.NativeMethodAccessorImpl.invoke0(Ljava/lang/reflect/Method;Ljava/lang/Object;[Ljava/lang/Object;)Ljava/lang/Object; java.base@17.0.10 (0 bytes) @ 0x000001e30f54be27 [0x000001e30f54bda0+0x0000000000000087]
J 4242 c1 jdk.internal.reflect.NativeMethodAccessorImpl.invoke(Ljava/lang/Object;[Ljava/lang/Object;)Ljava/lang/Object; java.base@17.0.10 (137 bytes) @ 0x000001e3080b8bec [0x000001e3080b81e0+0x0000000000000a0c]
J 4208 c1 jdk.internal.reflect.DelegatingMethodAccessorImpl.invoke(Ljava/lang/Object;[Ljava/lang/Object;)Ljava/lang/Object; java.base@17.0.10 (10 bytes) @ 0x000001e3080ac0cc [0x000001e3080abfc0+0x000000000000010c]
J 4229 c1 java.lang.reflect.Method.invoke(Ljava/lang/Object;[Ljava/lang/Object;)Ljava/lang/Object; java.base@17.0.10 (65 bytes) @ 0x000001e3080b3cc4 [0x000001e3080b3980+0x0000000000000344]
j  org.springframework.orm.jpa.ExtendedEntityManagerCreator$ExtendedEntityManagerInvocationHandler.invoke(Ljava/lang/Object;Ljava/lang/reflect/Method;[Ljava/lang/Object;)Ljava/lang/Object;+480
j  jdk.proxy4.$Proxy110.createQuery(Ljakarta/persistence/criteria/CriteriaQuery;)Lorg/hibernate/query/Query;+16 jdk.proxy4
v  ~StubRoutines::call_stub
J 4243  jdk.internal.reflect.NativeMethodAccessorImpl.invoke0(Ljava/lang/reflect/Method;Ljava/lang/Object;[Ljava/lang/Object;)Ljava/lang/Object; java.base@17.0.10 (0 bytes) @ 0x000001e30f54be27 [0x000001e30f54bda0+0x0000000000000087]
J 4242 c1 jdk.internal.reflect.NativeMethodAccessorImpl.invoke(Ljava/lang/Object;[Ljava/lang/Object;)Ljava/lang/Object; java.base@17.0.10 (137 bytes) @ 0x000001e3080b8bec [0x000001e3080b81e0+0x0000000000000a0c]
J 4208 c1 jdk.internal.reflect.DelegatingMethodAccessorImpl.invoke(Ljava/lang/Object;[Ljava/lang/Object;)Ljava/lang/Object; java.base@17.0.10 (10 bytes) @ 0x000001e3080ac0cc [0x000001e3080abfc0+0x000000000000010c]
J 4229 c1 java.lang.reflect.Method.invoke(Ljava/lang/Object;[Ljava/lang/Object;)Ljava/lang/Object; java.base@17.0.10 (65 bytes) @ 0x000001e3080b3cc4 [0x000001e3080b3980+0x0000000000000344]
j  org.springframework.orm.jpa.SharedEntityManagerCreator$SharedEntityManagerInvocationHandler.invoke(Ljava/lang/Object;Ljava/lang/reflect/Method;[Ljava/lang/Object;)Ljava/lang/Object;+727
j  jdk.proxy4.$Proxy110.createQuery(Ljakarta/persistence/criteria/CriteriaQuery;)Ljakarta/persistence/TypedQuery;+16 jdk.proxy4
j  org.springframework.data.jpa.repository.support.SimpleJpaRepository.getQuery(Lorg/springframework/data/jpa/domain/Specification;Ljava/lang/Class;Lorg/springframework/data/domain/Sort;)Ljakarta/persistence/TypedQuery;+71
j  org.springframework.data.jpa.repository.support.SimpleJpaRepository.getQuery(Lorg/springframework/data/jpa/domain/Specification;Lorg/springframework/data/domain/Sort;)Ljakarta/persistence/TypedQuery;+7
j  org.springframework.data.jpa.repository.support.SimpleJpaRepository.findAll()Ljava/util/List;+5
v  ~StubRoutines::call_stub
J 4243  jdk.internal.reflect.NativeMethodAccessorImpl.invoke0(Ljava/lang/reflect/Method;Ljava/lang/Object;[Ljava/lang/Object;)Ljava/lang/Object; java.base@17.0.10 (0 bytes) @ 0x000001e30f54be27 [0x000001e30f54bda0+0x0000000000000087]
J 4242 c1 jdk.internal.reflect.NativeMethodAccessorImpl.invoke(Ljava/lang/Object;[Ljava/lang/Object;)Ljava/lang/Object; java.base@17.0.10 (137 bytes) @ 0x000001e3080b8bec [0x000001e3080b81e0+0x0000000000000a0c]
J 4208 c1 jdk.internal.reflect.DelegatingMethodAccessorImpl.invoke(Ljava/lang/Object;[Ljava/lang/Object;)Ljava/lang/Object; java.base@17.0.10 (10 bytes) @ 0x000001e3080ac0cc [0x000001e3080abfc0+0x000000000000010c]
J 4229 c1 java.lang.reflect.Method.invoke(Ljava/lang/Object;[Ljava/lang/Object;)Ljava/lang/Object; java.base@17.0.10 (65 bytes) @ 0x000001e3080b3cc4 [0x000001e3080b3980+0x0000000000000344]
j  org.springframework.aop.support.AopUtils.invokeJoinpointUsingReflection(Ljava/lang/Object;Ljava/lang/reflect/Method;[Ljava/lang/Object;)Ljava/lang/Object;+34
j  org.springframework.data.repository.core.support.RepositoryMethodInvoker$RepositoryFragmentMethodInvoker.lambda$new$0(Lorg/springframework/data/repository/core/support/RepositoryMethodInvoker$RepositoryFragmentMethodInvoker$CoroutineAdapterInformation;Ljava/lang/Object;Ljava/lang/reflect/Method;[Ljava/lang/Object;)Ljava/lang/Object;+38
j  org.springframework.data.repository.core.support.RepositoryMethodInvoker$RepositoryFragmentMethodInvoker$$Lambda$1554+0x000001e32095a978.invoke([Ljava/lang/Object;)Ljava/lang/Object;+13
j  org.springframework.data.repository.core.support.RepositoryMethodInvoker.doInvoke(Ljava/lang/Class;Lorg/springframework/data/repository/core/support/RepositoryInvocationMulticaster;[Ljava/lang/Object;)Ljava/lang/Object;+11
j  org.springframework.data.repository.core.support.RepositoryMethodInvoker.invoke(Ljava/lang/Class;Lorg/springframework/data/repository/core/support/RepositoryInvocationMulticaster;[Ljava/lang/Object;)Ljava/lang/Object;+4
j  org.springframework.data.repository.core.support.RepositoryComposition$RepositoryFragments.invoke(Ljava/lang/Class;Lorg/springframework/data/repository/core/support/RepositoryInvocationMulticaster;Ljava/lang/reflect/Method;Ljava/lang/reflect/Method;[Ljava/lang/Object;)Ljava/lang/Object;+113
j  org.springframework.data.repository.core.support.RepositoryComposition.invoke(Lorg/springframework/data/repository/core/support/RepositoryInvocationMulticaster;Ljava/lang/reflect/Method;[Ljava/lang/Object;)Ljava/lang/Object;+84
j  org.springframework.data.repository.core.support.RepositoryFactorySupport$ImplementationMethodExecutionInterceptor.invoke(Lorg/aopalliance/intercept/MethodInvocation;)Ljava/lang/Object;+24
j  org.springframework.aop.framework.ReflectiveMethodInvocation.proceed()Ljava/lang/Object;+120
j  org.springframework.data.repository.core.support.QueryExecutorMethodInterceptor.doInvoke(Lorg/aopalliance/intercept/MethodInvocation;)Ljava/lang/Object;+88
j  org.springframework.data.repository.core.support.QueryExecutorMethodInterceptor.invoke(Lorg/aopalliance/intercept/MethodInvocation;)Ljava/lang/Object;+46
j  org.springframework.aop.framework.ReflectiveMethodInvocation.proceed()Ljava/lang/Object;+120
j  org.springframework.transaction.interceptor.TransactionInterceptor$$Lambda$1545+0x000001e320957108.proceedWithInvocation()Ljava/lang/Object;+4
j  org.springframework.transaction.interceptor.TransactionAspectSupport.invokeWithinTransaction(Ljava/lang/reflect/Method;Ljava/lang/Class;Lorg/springframework/transaction/interceptor/TransactionAspectSupport$InvocationCallback;)Ljava/lang/Object;+193
j  org.springframework.transaction.interceptor.TransactionInterceptor.invoke(Lorg/aopalliance/intercept/MethodInvocation;)Ljava/lang/Object;+42
j  org.springframework.aop.framework.ReflectiveMethodInvocation.proceed()Ljava/lang/Object;+120
j  org.springframework.dao.support.PersistenceExceptionTranslationInterceptor.invoke(Lorg/aopalliance/intercept/MethodInvocation;)Ljava/lang/Object;+1
j  org.springframework.aop.framework.ReflectiveMethodInvocation.proceed()Ljava/lang/Object;+120
j  org.springframework.data.jpa.repository.support.CrudMethodMetadataPostProcessor$CrudMethodMetadataPopulatingMethodInterceptor.invoke(Lorg/aopalliance/intercept/MethodInvocation;)Ljava/lang/Object;+139
j  org.springframework.aop.framework.ReflectiveMethodInvocation.proceed()Ljava/lang/Object;+120
j  org.springframework.aop.framework.JdkDynamicAopProxy.invoke(Ljava/lang/Object;Ljava/lang/reflect/Method;[Ljava/lang/Object;)Ljava/lang/Object;+392
j  jdk.proxy4.$Proxy115.findAll()Ljava/lang/Iterable;+9 jdk.proxy4
j  com.springboot.login.services.UsersServices.insertUser(Lcom/springboot/login/model/Users;)Ljava/lang/String;+4
j  com.springboot.login.controller.LoginController.addUser(Lcom/springboot/login/model/Users;)Ljava/lang/String;+5
v  ~StubRoutines::call_stub
J 4243  jdk.internal.reflect.NativeMethodAccessorImpl.invoke0(Ljava/lang/reflect/Method;Ljava/lang/Object;[Ljava/lang/Object;)Ljava/lang/Object; java.base@17.0.10 (0 bytes) @ 0x000001e30f54be27 [0x000001e30f54bda0+0x0000000000000087]
J 4242 c1 jdk.internal.reflect.NativeMethodAccessorImpl.invoke(Ljava/lang/Object;[Ljava/lang/Object;)Ljava/lang/Object; java.base@17.0.10 (137 bytes) @ 0x000001e3080b8bec [0x000001e3080b81e0+0x0000000000000a0c]
J 4208 c1 jdk.internal.reflect.DelegatingMethodAccessorImpl.invoke(Ljava/lang/Object;[Ljava/lang/Object;)Ljava/lang/Object; java.base@17.0.10 (10 bytes) @ 0x000001e3080ac0cc [0x000001e3080abfc0+0x000000000000010c]
J 4229 c1 java.lang.reflect.Method.invoke(Ljava/lang/Object;[Ljava/lang/Object;)Ljava/lang/Object; java.base@17.0.10 (65 bytes) @ 0x000001e3080b3cc4 [0x000001e3080b3980+0x0000000000000344]
j  org.springframework.web.method.support.InvocableHandlerMethod.doInvoke([Ljava/lang/Object;)Ljava/lang/Object;+55
j  org.springframework.web.method.support.InvocableHandlerMethod.invokeForRequest(Lorg/springframework/web/context/request/NativeWebRequest;Lorg/springframework/web/method/support/ModelAndViewContainer;[Ljava/lang/Object;)Ljava/lang/Object;+82
j  org.springframework.web.servlet.mvc.method.annotation.ServletInvocableHandlerMethod.invokeAndHandle(Lorg/springframework/web/context/request/ServletWebRequest;Lorg/springframework/web/method/support/ModelAndViewContainer;[Ljava/lang/Object;)V+4
j  org.springframework.web.servlet.mvc.method.annotation.RequestMappingHandlerAdapter.invokeHandlerMethod(Ljakarta/servlet/http/HttpServletRequest;Ljakarta/servlet/http/HttpServletResponse;Lorg/springframework/web/method/HandlerMethod;)Lorg/springframework/web/servlet/ModelAndView;+309
j  org.springframework.web.servlet.mvc.method.annotation.RequestMappingHandlerAdapter.handleInternal(Ljakarta/servlet/http/HttpServletRequest;Ljakarta/servlet/http/HttpServletResponse;Lorg/springframework/web/method/HandlerMethod;)Lorg/springframework/web/servlet/ModelAndView;+81
j  org.springframework.web.servlet.mvc.method.AbstractHandlerMethodAdapter.handle(Ljakarta/servlet/http/HttpServletRequest;Ljakarta/servlet/http/HttpServletResponse;Ljava/lang/Object;)Lorg/springframework/web/servlet/ModelAndView;+7
j  org.springframework.web.servlet.DispatcherServlet.doDispatch(Ljakarta/servlet/http/HttpServletRequest;Ljakarta/servlet/http/HttpServletResponse;)V+304
j  org.springframework.web.servlet.DispatcherServlet.doService(Ljakarta/servlet/http/HttpServletRequest;Ljakarta/servlet/http/HttpServletResponse;)V+242
j  org.springframework.web.servlet.FrameworkServlet.processRequest(Ljakarta/servlet/http/HttpServletRequest;Ljakarta/servlet/http/HttpServletResponse;)V+70
j  org.springframework.web.servlet.FrameworkServlet.doPost(Ljakarta/servlet/http/HttpServletRequest;Ljakarta/servlet/http/HttpServletResponse;)V+3
j  jakarta.servlet.http.HttpServlet.service(Ljakarta/servlet/http/HttpServletRequest;Ljakarta/servlet/http/HttpServletResponse;)V+150
j  org.springframework.web.servlet.FrameworkServlet.service(Ljakarta/servlet/http/HttpServletRequest;Ljakarta/servlet/http/HttpServletResponse;)V+20
j  jakarta.servlet.http.HttpServlet.service(Ljakarta/servlet/ServletRequest;Ljakarta/servlet/ServletResponse;)V+37
j  org.apache.catalina.core.ApplicationFilterChain.internalDoFilter(Ljakarta/servlet/ServletRequest;Ljakarta/servlet/ServletResponse;)V+300
j  org.apache.catalina.core.ApplicationFilterChain.doFilter(Ljakarta/servlet/ServletRequest;Ljakarta/servlet/ServletResponse;)V+99
j  org.apache.tomcat.websocket.server.WsFilter.doFilter(Ljakarta/servlet/ServletRequest;Ljakarta/servlet/ServletResponse;Ljakarta/servlet/FilterChain;)V+21
j  org.apache.catalina.core.ApplicationFilterChain.internalDoFilter(Ljakarta/servlet/ServletRequest;Ljakarta/servlet/ServletResponse;)V+130
j  org.apache.catalina.core.ApplicationFilterChain.doFilter(Ljakarta/servlet/ServletRequest;Ljakarta/servlet/ServletResponse;)V+99
j  org.springframework.web.filter.OncePerRequestFilter.doFilter(Ljakarta/servlet/ServletRequest;Ljakarta/servlet/ServletResponse;Ljakarta/servlet/FilterChain;)V+125
j  org.apache.catalina.core.ApplicationFilterChain.internalDoFilter(Ljakarta/servlet/ServletRequest;Ljakarta/servlet/ServletResponse;)V+130
j  org.apache.catalina.core.ApplicationFilterChain.doFilter(Ljakarta/servlet/ServletRequest;Ljakarta/servlet/ServletResponse;)V+99
j  com.springboot.login.jwt.AuthTokenFilter.doFilterInternal(Ljakarta/servlet/http/HttpServletRequest;Ljakarta/servlet/http/HttpServletResponse;Ljakarta/servlet/FilterChain;)V+153
j  org.springframework.web.filter.OncePerRequestFilter.doFilter(Ljakarta/servlet/ServletRequest;Ljakarta/servlet/ServletResponse;Ljakarta/servlet/FilterChain;)V+150
j  org.apache.catalina.core.ApplicationFilterChain.internalDoFilter(Ljakarta/servlet/ServletRequest;Ljakarta/servlet/ServletResponse;)V+130
j  org.apache.catalina.core.ApplicationFilterChain.doFilter(Ljakarta/servlet/ServletRequest;Ljakarta/servlet/ServletResponse;)V+99
j  org.springframework.web.filter.CompositeFilter$VirtualFilterChain.doFilter(Ljakarta/servlet/ServletRequest;Ljakarta/servlet/ServletResponse;)V+22
j  org.springframework.security.web.FilterChainProxy.lambda$doFilterInternal$3(Lorg/springframework/security/web/firewall/FirewalledRequest;Ljakarta/servlet/FilterChain;Ljakarta/servlet/ServletRequest;Ljakarta/servlet/ServletResponse;)V+35
j  org.springframework.security.web.FilterChainProxy$$Lambda$1516+0x000001e32091a2f0.doFilter(Ljakarta/servlet/ServletRequest;Ljakarta/servlet/ServletResponse;)V+10
j  org.springframework.security.web.FilterChainProxy$VirtualFilterChain.doFilter(Ljakarta/servlet/ServletRequest;Ljakarta/servlet/ServletResponse;)V+17
j  org.springframework.security.web.access.intercept.FilterSecurityInterceptor.invoke(Lorg/springframework/security/web/FilterInvocation;)V+79
j  org.springframework.security.web.access.intercept.FilterSecurityInterceptor.doFilter(Ljakarta/servlet/ServletRequest;Ljakarta/servlet/ServletResponse;Ljakarta/servlet/FilterChain;)V+11
j  org.springframework.security.web.FilterChainProxy$VirtualFilterChain.doFilter(Ljakarta/servlet/ServletRequest;Ljakarta/servlet/ServletResponse;)V+105
j  org.springframework.security.web.access.ExceptionTranslationFilter.doFilter(Ljakarta/servlet/http/HttpServletRequest;Ljakarta/servlet/http/HttpServletResponse;Ljakarta/servlet/FilterChain;)V+3
j  org.springframework.security.web.access.ExceptionTranslationFilter.doFilter(Ljakarta/servlet/ServletRequest;Ljakarta/servlet/ServletResponse;Ljakarta/servlet/FilterChain;)V+10
j  org.springframework.security.web.FilterChainProxy$VirtualFilterChain.doFilter(Ljakarta/servlet/ServletRequest;Ljakarta/servlet/ServletResponse;)V+105
j  org.springframework.security.web.session.SessionManagementFilter.doFilter(Ljakarta/servlet/http/HttpServletRequest;Ljakarta/servlet/http/HttpServletResponse;Ljakarta/servlet/FilterChain;)V+223
j  org.springframework.security.web.session.SessionManagementFilter.doFilter(Ljakarta/servlet/ServletRequest;Ljakarta/servlet/ServletResponse;Ljakarta/servlet/FilterChain;)V+10
j  org.springframework.security.web.FilterChainProxy$VirtualFilterChain.doFilter(Ljakarta/servlet/ServletRequest;Ljakarta/servlet/ServletResponse;)V+105
j  org.springframework.security.web.authentication.AnonymousAuthenticationFilter.doFilter(Ljakarta/servlet/ServletRequest;Ljakarta/servlet/ServletResponse;Ljakarta/servlet/FilterChain;)V+33
j  org.springframework.security.web.FilterChainProxy$VirtualFilterChain.doFilter(Ljakarta/servlet/ServletRequest;Ljakarta/servlet/ServletResponse;)V+105
j  org.springframework.security.web.servletapi.SecurityContextHolderAwareRequestFilter.doFilter(Ljakarta/servlet/ServletRequest;Ljakarta/servlet/ServletResponse;Ljakarta/servlet/FilterChain;)V+19
j  org.springframework.security.web.FilterChainProxy$VirtualFilterChain.doFilter(Ljakarta/servlet/ServletRequest;Ljakarta/servlet/ServletResponse;)V+105
j  org.springframework.security.web.savedrequest.RequestCacheAwareFilter.doFilter(Ljakarta/servlet/ServletRequest;Ljakarta/servlet/ServletResponse;Ljakarta/servlet/FilterChain;)V+32
j  org.springframework.security.web.FilterChainProxy$VirtualFilterChain.doFilter(Ljakarta/servlet/ServletRequest;Ljakarta/servlet/ServletResponse;)V+105
j  com.springboot.login.jwt.AuthTokenFilter.doFilterInternal(Ljakarta/servlet/http/HttpServletRequest;Ljakarta/servlet/http/HttpServletResponse;Ljakarta/servlet/FilterChain;)V+153
j  org.springframework.web.filter.OncePerRequestFilter.doFilter(Ljakarta/servlet/ServletRequest;Ljakarta/servlet/ServletResponse;Ljakarta/servlet/FilterChain;)V+150
j  org.springframework.security.web.FilterChainProxy$VirtualFilterChain.doFilter(Ljakarta/servlet/ServletRequest;Ljakarta/servlet/ServletResponse;)V+105
j  org.springframework.security.web.authentication.logout.LogoutFilter.doFilter(Ljakarta/servlet/http/HttpServletRequest;Ljakarta/servlet/http/HttpServletResponse;Ljakarta/servlet/FilterChain;)V+83
j  org.springframework.security.web.authentication.logout.LogoutFilter.doFilter(Ljakarta/servlet/ServletRequest;Ljakarta/servlet/ServletResponse;Ljakarta/servlet/FilterChain;)V+10
j  org.springframework.security.web.FilterChainProxy$VirtualFilterChain.doFilter(Ljakarta/servlet/ServletRequest;Ljakarta/servlet/ServletResponse;)V+105
j  org.springframework.security.web.header.HeaderWriterFilter.doHeadersAfter(Ljakarta/servlet/http/HttpServletRequest;Ljakarta/servlet/http/HttpServletResponse;Ljakarta/servlet/FilterChain;)V+29
j  org.springframework.security.web.header.HeaderWriterFilter.doFilterInternal(Ljakarta/servlet/http/HttpServletRequest;Ljakarta/servlet/http/HttpServletResponse;Ljakarta/servlet/FilterChain;)V+21
j  org.springframework.web.filter.OncePerRequestFilter.doFilter(Ljakarta/servlet/ServletRequest;Ljakarta/servlet/ServletResponse;Ljakarta/servlet/FilterChain;)V+150
j  org.springframework.security.web.FilterChainProxy$VirtualFilterChain.doFilter(Ljakarta/servlet/ServletRequest;Ljakarta/servlet/ServletResponse;)V+105
j  org.springframework.security.web.context.SecurityContextHolderFilter.doFilter(Ljakarta/servlet/http/HttpServletRequest;Ljakarta/servlet/http/HttpServletResponse;Ljakarta/servlet/FilterChain;)V+59
j  org.springframework.security.web.context.SecurityContextHolderFilter.doFilter(Ljakarta/servlet/ServletRequest;Ljakarta/servlet/ServletResponse;Ljakarta/servlet/FilterChain;)V+10
j  org.springframework.security.web.FilterChainProxy$VirtualFilterChain.doFilter(Ljakarta/servlet/ServletRequest;Ljakarta/servlet/ServletResponse;)V+105
j  org.springframework.security.web.context.request.async.WebAsyncManagerIntegrationFilter.doFilterInternal(Ljakarta/servlet/http/HttpServletRequest;Ljakarta/servlet/http/HttpServletResponse;Ljakarta/servlet/FilterChain;)V+55
j  org.springframework.web.filter.OncePerRequestFilter.doFilter(Ljakarta/servlet/ServletRequest;Ljakarta/servlet/ServletResponse;Ljakarta/servlet/FilterChain;)V+150
j  org.springframework.security.web.FilterChainProxy$VirtualFilterChain.doFilter(Ljakarta/servlet/ServletRequest;Ljakarta/servlet/ServletResponse;)V+105
j  org.springframework.security.web.session.DisableEncodeUrlFilter.doFilterInternal(Ljakarta/servlet/http/HttpServletRequest;Ljakarta/servlet/http/HttpServletResponse;Ljakarta/servlet/FilterChain;)V+10
j  org.springframework.web.filter.OncePerRequestFilter.doFilter(Ljakarta/servlet/ServletRequest;Ljakarta/servlet/ServletResponse;Ljakarta/servlet/FilterChain;)V+150
j  org.springframework.security.web.FilterChainProxy$VirtualFilterChain.doFilter(Ljakarta/servlet/ServletRequest;Ljakarta/servlet/ServletResponse;)V+105
j  org.springframework.security.web.FilterChainProxy.doFilterInternal(Ljakarta/servlet/ServletRequest;Ljakarta/servlet/ServletResponse;Ljakarta/servlet/FilterChain;)V+163
j  org.springframework.security.web.FilterChainProxy.doFilter(Ljakarta/servlet/ServletRequest;Ljakarta/servlet/ServletResponse;Ljakarta/servlet/FilterChain;)V+48
j  org.springframework.web.filter.CompositeFilter$VirtualFilterChain.doFilter(Ljakarta/servlet/ServletRequest;Ljakarta/servlet/ServletResponse;)V+63
j  org.springframework.web.servlet.handler.HandlerMappingIntrospector.lambda$createCacheFilter$3(Ljakarta/servlet/ServletRequest;Ljakarta/servlet/ServletResponse;Ljakarta/servlet/FilterChain;)V+13
j  org.springframework.web.servlet.handler.HandlerMappingIntrospector$$Lambda$1409+0x000001e320898a60.doFilter(Ljakarta/servlet/ServletRequest;Ljakarta/servlet/ServletResponse;Ljakarta/servlet/FilterChain;)V+7
j  org.springframework.web.filter.CompositeFilter$VirtualFilterChain.doFilter(Ljakarta/servlet/ServletRequest;Ljakarta/servlet/ServletResponse;)V+63
j  org.springframework.web.filter.CompositeFilter.doFilter(Ljakarta/servlet/ServletRequest;Ljakarta/servlet/ServletResponse;Ljakarta/servlet/FilterChain;)V+14
j  org.springframework.security.config.annotation.web.configuration.WebMvcSecurityConfiguration$CompositeFilterChainProxy.doFilter(Ljakarta/servlet/ServletRequest;Ljakarta/servlet/ServletResponse;Ljakarta/servlet/FilterChain;)V+7
j  org.springframework.web.filter.DelegatingFilterProxy.invokeDelegate(Ljakarta/servlet/Filter;Ljakarta/servlet/ServletRequest;Ljakarta/servlet/ServletResponse;Ljakarta/servlet/FilterChain;)V+5
j  org.springframework.web.filter.DelegatingFilterProxy.doFilter(Ljakarta/servlet/ServletRequest;Ljakarta/servlet/ServletResponse;Ljakarta/servlet/FilterChain;)V+98
j  org.apache.catalina.core.ApplicationFilterChain.internalDoFilter(Ljakarta/servlet/ServletRequest;Ljakarta/servlet/ServletResponse;)V+130
j  org.apache.catalina.core.ApplicationFilterChain.doFilter(Ljakarta/servlet/ServletRequest;Ljakarta/servlet/ServletResponse;)V+99
j  org.springframework.web.filter.RequestContextFilter.doFilterInternal(Ljakarta/servlet/http/HttpServletRequest;Ljakarta/servlet/http/HttpServletResponse;Ljakarta/servlet/FilterChain;)V+21
j  org.springframework.web.filter.OncePerRequestFilter.doFilter(Ljakarta/servlet/ServletRequest;Ljakarta/servlet/ServletResponse;Ljakarta/servlet/FilterChain;)V+150
j  org.apache.catalina.core.ApplicationFilterChain.internalDoFilter(Ljakarta/servlet/ServletRequest;Ljakarta/servlet/ServletResponse;)V+130
j  org.apache.catalina.core.ApplicationFilterChain.doFilter(Ljakarta/servlet/ServletRequest;Ljakarta/servlet/ServletResponse;)V+99
j  org.springframework.web.filter.FormContentFilter.doFilterInternal(Ljakarta/servlet/http/HttpServletRequest;Ljakarta/servlet/http/HttpServletResponse;Ljakarta/servlet/FilterChain;)V+38
j  org.springframework.web.filter.OncePerRequestFilter.doFilter(Ljakarta/servlet/ServletRequest;Ljakarta/servlet/ServletResponse;Ljakarta/servlet/FilterChain;)V+150
j  org.apache.catalina.core.ApplicationFilterChain.internalDoFilter(Ljakarta/servlet/ServletRequest;Ljakarta/servlet/ServletResponse;)V+130
j  org.apache.catalina.core.ApplicationFilterChain.doFilter(Ljakarta/servlet/ServletRequest;Ljakarta/servlet/ServletResponse;)V+99
j  org.springframework.web.filter.CharacterEncodingFilter.doFilterInternal(Ljakarta/servlet/http/HttpServletRequest;Ljakarta/servlet/http/HttpServletResponse;Ljakarta/servlet/FilterChain;)V+53
j  org.springframework.web.filter.OncePerRequestFilter.doFilter(Ljakarta/servlet/ServletRequest;Ljakarta/servlet/ServletResponse;Ljakarta/servlet/FilterChain;)V+150
j  org.apache.catalina.core.ApplicationFilterChain.internalDoFilter(Ljakarta/servlet/ServletRequest;Ljakarta/servlet/ServletResponse;)V+130
j  org.apache.catalina.core.ApplicationFilterChain.doFilter(Ljakarta/servlet/ServletRequest;Ljakarta/servlet/ServletResponse;)V+99
j  org.apache.catalina.core.StandardWrapperValve.invoke(Lorg/apache/catalina/connector/Request;Lorg/apache/catalina/connector/Response;)V+514
j  org.apache.catalina.core.StandardContextValve.invoke(Lorg/apache/catalina/connector/Request;Lorg/apache/catalina/connector/Response;)V+169
j  org.apache.catalina.authenticator.AuthenticatorBase.invoke(Lorg/apache/catalina/connector/Request;Lorg/apache/catalina/connector/Response;)V+221
j  org.apache.catalina.core.StandardHostValve.invoke(Lorg/apache/catalina/connector/Request;Lorg/apache/catalina/connector/Response;)V+131
j  org.apache.catalina.valves.ErrorReportValve.invoke(Lorg/apache/catalina/connector/Request;Lorg/apache/catalina/connector/Response;)V+6
j  org.apache.catalina.core.StandardEngineValve.invoke(Lorg/apache/catalina/connector/Request;Lorg/apache/catalina/connector/Response;)V+59
j  org.apache.catalina.connector.CoyoteAdapter.service(Lorg/apache/coyote/Request;Lorg/apache/coyote/Response;)V+188
j  org.apache.coyote.http11.Http11Processor.service(Lorg/apache/tomcat/util/net/SocketWrapperBase;)Lorg/apache/tomcat/util/net/AbstractEndpoint$Handler$SocketState;+796
j  org.apache.coyote.AbstractProcessorLight.process(Lorg/apache/tomcat/util/net/SocketWrapperBase;Lorg/apache/tomcat/util/net/SocketEvent;)Lorg/apache/tomcat/util/net/AbstractEndpoint$Handler$SocketState;+155
j  org.apache.coyote.AbstractProtocol$ConnectionHandler.process(Lorg/apache/tomcat/util/net/SocketWrapperBase;Lorg/apache/tomcat/util/net/SocketEvent;)Lorg/apache/tomcat/util/net/AbstractEndpoint$Handler$SocketState;+482
j  org.apache.tomcat.util.net.NioEndpoint$SocketProcessor.doRun()V+249
j  org.apache.tomcat.util.net.SocketProcessorBase.run()V+32
j  org.apache.tomcat.util.threads.ThreadPoolExecutor.runWorker(Lorg/apache/tomcat/util/threads/ThreadPoolExecutor$Worker;)V+92
j  org.apache.tomcat.util.threads.ThreadPoolExecutor$Worker.run()V+5
j  org.apache.tomcat.util.threads.TaskThread$WrappingRunnable.run()V+4
j  java.lang.Thread.run()V+11 java.base@17.0.10
v  ~StubRoutines::call_stub

---------------  P R O C E S S  ---------------

Threads class SMR info:
_java_thread_list=0x000001e366d9d8d0, length=31, elements={
0x000001e37fdc92e0, 0x000001e37fdcaa10, 0x000001e37fddde90, 0x000001e37fdde760,
0x000001e31e762ff0, 0x000001e31e767930, 0x000001e31e7720c0, 0x000001e31e77ab80,
0x000001e31e77e4b0, 0x000001e37fdb20e0, 0x000001e31e9ac950, 0x000001e3640380f0,
0x000001e3666426f0, 0x000001e3666421e0, 0x000001e366644550, 0x000001e366643110,
0x000001e366643620, 0x000001e366643b30, 0x000001e366644f70, 0x000001e366644040,
0x000001e366645480, 0x000001e366642c00, 0x000001e3654f2860, 0x000001e3654f0f10,
0x000001e3654f1e40, 0x000001e3654f2d70, 0x000001e3654f3280, 0x000001e3654f0a00,
0x000001e3654f3790, 0x000001e3654f46c0, 0x000001e3654f3ca0
}

Java Threads: ( => current thread )
  0x000001e37fdc92e0 JavaThread "Reference Handler" daemon [_thread_blocked, id=11744, stack(0x00000026e6300000,0x00000026e6400000)]
  0x000001e37fdcaa10 JavaThread "Finalizer" daemon [_thread_blocked, id=8644, stack(0x00000026e6400000,0x00000026e6500000)]
  0x000001e37fddde90 JavaThread "Signal Dispatcher" daemon [_thread_blocked, id=19800, stack(0x00000026e6500000,0x00000026e6600000)]
  0x000001e37fdde760 JavaThread "Attach Listener" daemon [_thread_blocked, id=10604, stack(0x00000026e6600000,0x00000026e6700000)]
  0x000001e31e762ff0 JavaThread "Service Thread" daemon [_thread_blocked, id=19004, stack(0x00000026e6700000,0x00000026e6800000)]
  0x000001e31e767930 JavaThread "Monitor Deflation Thread" daemon [_thread_blocked, id=8424, stack(0x00000026e6800000,0x00000026e6900000)]
  0x000001e31e7720c0 JavaThread "C2 CompilerThread0" daemon [_thread_blocked, id=12180, stack(0x00000026e6900000,0x00000026e6a00000)]
  0x000001e31e77ab80 JavaThread "C1 CompilerThread0" daemon [_thread_blocked, id=2264, stack(0x00000026e6a00000,0x00000026e6b00000)]
  0x000001e31e77e4b0 JavaThread "Sweeper thread" daemon [_thread_blocked, id=12196, stack(0x00000026e6b00000,0x00000026e6c00000)]
  0x000001e37fdb20e0 JavaThread "Common-Cleaner" daemon [_thread_blocked, id=2856, stack(0x00000026e6c00000,0x00000026e6d00000)]
  0x000001e31e9ac950 JavaThread "Monitor Ctrl-Break" daemon [_thread_in_native, id=14856, stack(0x00000026e6e00000,0x00000026e6f00000)]
  0x000001e3640380f0 JavaThread "Notification Thread" daemon [_thread_blocked, id=4152, stack(0x00000026e6f00000,0x00000026e7000000)]
  0x000001e3666426f0 JavaThread "HikariPool-1 housekeeper" daemon [_thread_blocked, id=1140, stack(0x00000026e7c00000,0x00000026e7d00000)]
  0x000001e3666421e0 JavaThread "Catalina-utility-1" [_thread_blocked, id=18728, stack(0x00000026e7e00000,0x00000026e7f00000)]
  0x000001e366644550 JavaThread "Catalina-utility-2" [_thread_blocked, id=1664, stack(0x00000026e7f00000,0x00000026e8000000)]
  0x000001e366643110 JavaThread "container-0" [_thread_blocked, id=15232, stack(0x00000026e8000000,0x00000026e8100000)]
  0x000001e366643620 JavaThread "File Watcher" daemon [_thread_blocked, id=20200, stack(0x00000026e8100000,0x00000026e8200000)]
  0x000001e366643b30 JavaThread "Live Reload Server" daemon [_thread_in_native, id=20472, stack(0x00000026e8300000,0x00000026e8400000)]
  0x000001e366644f70 JavaThread "http-nio-8080-exec-1" daemon [_thread_blocked, id=16952, stack(0x00000026e8200000,0x00000026e8300000)]
=>0x000001e366644040 JavaThread "http-nio-8080-exec-2" daemon [_thread_in_vm, id=5636, stack(0x00000026e8400000,0x00000026e8500000)]
  0x000001e366645480 JavaThread "http-nio-8080-exec-3" daemon [_thread_blocked, id=11612, stack(0x00000026e8500000,0x00000026e8600000)]
  0x000001e366642c00 JavaThread "http-nio-8080-exec-4" daemon [_thread_blocked, id=13588, stack(0x00000026e8600000,0x00000026e8700000)]
  0x000001e3654f2860 JavaThread "http-nio-8080-exec-5" daemon [_thread_blocked, id=11016, stack(0x00000026e8700000,0x00000026e8800000)]
  0x000001e3654f0f10 JavaThread "http-nio-8080-exec-6" daemon [_thread_blocked, id=14340, stack(0x00000026e8800000,0x00000026e8900000)]
  0x000001e3654f1e40 JavaThread "http-nio-8080-exec-7" daemon [_thread_blocked, id=6472, stack(0x00000026e8900000,0x00000026e8a00000)]
  0x000001e3654f2d70 JavaThread "http-nio-8080-exec-8" daemon [_thread_blocked, id=19300, stack(0x00000026e8a00000,0x00000026e8b00000)]
  0x000001e3654f3280 JavaThread "http-nio-8080-exec-9" daemon [_thread_blocked, id=4656, stack(0x00000026e8b00000,0x00000026e8c00000)]
  0x000001e3654f0a00 JavaThread "http-nio-8080-exec-10" daemon [_thread_blocked, id=13936, stack(0x00000026e8c00000,0x00000026e8d00000)]
  0x000001e3654f3790 JavaThread "http-nio-8080-Poller" daemon [_thread_blocked, id=12616, stack(0x00000026e8d00000,0x00000026e8e00000)]
  0x000001e3654f46c0 JavaThread "http-nio-8080-Acceptor" daemon [_thread_in_native, id=9436, stack(0x00000026e8e00000,0x00000026e8f00000)]
  0x000001e3654f3ca0 JavaThread "DestroyJavaVM" [_thread_blocked, id=3896, stack(0x00000026e5c00000,0x00000026e5d00000)]

Other Threads:
  0x000001e37fdc2cc0 VMThread "VM Thread" [stack: 0x00000026e6200000,0x00000026e6300000] [id=15628] _threads_hazard_ptr=0x000001e366d9d8d0
  0x000001e37b834300 WatcherThread [stack: 0x00000026e7000000,0x00000026e7100000] [id=2044]
  0x000001e37b807c10 GCTaskThread "GC Thread#0" [stack: 0x00000026e5d00000,0x00000026e5e00000] [id=4604]
  0x000001e364312160 GCTaskThread "GC Thread#1" [stack: 0x00000026e7300000,0x00000026e7400000] [id=2216]
  0x000001e3643e52e0 GCTaskThread "GC Thread#2" [stack: 0x00000026e7400000,0x00000026e7500000] [id=10868]
  0x000001e3647c1200 GCTaskThread "GC Thread#3" [stack: 0x00000026e7500000,0x00000026e7600000] [id=17832]
  0x000001e36450dce0 GCTaskThread "GC Thread#4" [stack: 0x00000026e7600000,0x00000026e7700000] [id=12860]
  0x000001e364cd4f70 GCTaskThread "GC Thread#5" [stack: 0x00000026e7700000,0x00000026e7800000] [id=17316]
  0x000001e364f5b680 GCTaskThread "GC Thread#6" [stack: 0x00000026e7900000,0x00000026e7a00000] [id=13172]
  0x000001e364fa3060 GCTaskThread "GC Thread#7" [stack: 0x00000026e7a00000,0x00000026e7b00000] [id=20032]
  0x000001e37b819c60 ConcurrentGCThread "G1 Main Marker" [stack: 0x00000026e5e00000,0x00000026e5f00000] [id=10648]
  0x000001e37b81b680 ConcurrentGCThread "G1 Conc#0" [stack: 0x00000026e5f00000,0x00000026e6000000] [id=18636]
  0x000001e364ec50f0 ConcurrentGCThread "G1 Conc#1" [stack: 0x00000026e7800000,0x00000026e7900000] [id=3724]
  0x000001e37b85d960 ConcurrentGCThread "G1 Refine#0" [stack: 0x00000026e6000000,0x00000026e6100000] [id=16860]
  0x000001e3656980b0 ConcurrentGCThread "G1 Refine#1" [stack: 0x00000026e7200000,0x00000026e7300000] [id=19844]
  0x000001e37b85e390 ConcurrentGCThread "G1 Service" [stack: 0x00000026e6100000,0x00000026e6200000] [id=12016]

Threads with active compile tasks:

VM state: synchronizing (normal execution)

VM Mutex/Monitor currently owned by a thread:  ([mutex/lock_event])
[0x000001e37b797380] Metaspace_lock - owner thread: 0x000001e366644040
[0x000001e37b796450] Threads_lock - owner thread: 0x000001e37fdc2cc0

Heap address: 0x0000000703600000, size: 4042 MB, Compressed Oops mode: Zero based, Oop shift amount: 3

CDS archive(s) mapped at: [0x000001e31f000000-0x000001e31fbd0000-0x000001e31fbd0000), size 12386304, SharedBaseAddress: 0x000001e31f000000, ArchiveRelocationMode: 1.
Compressed class space mapped at: 0x000001e320000000-0x000001e360000000, reserved size: 1073741824
Narrow klass base: 0x000001e31f000000, Narrow klass shift: 0, Narrow klass range: 0x100000000

GC Precious Log:
 CPUs: 8 total, 8 available
 Memory: 16167M
 Large Page Support: Disabled
 NUMA Support: Disabled
 Compressed Oops: Enabled (Zero based)
 Heap Region Size: 2M
 Heap Min Capacity: 8M
 Heap Initial Capacity: 254M
 Heap Max Capacity: 4042M
 Pre-touch: Disabled
 Parallel Workers: 8
 Concurrent Workers: 2
 Concurrent Refinement Workers: 8
 Periodic GC: Disabled

Heap:
 garbage-first heap   total 90112K, used 30487K [0x0000000703600000, 0x0000000800000000)
  region size 2048K, 3 young (6144K), 1 survivors (2048K)
 Metaspace       used 67735K, committed 68352K, reserved 1114112K
  class space    used 9305K, committed 9600K, reserved 1048576K

Heap Regions: E=young(eden), S=young(survivor), O=old, HS=humongous(starts), HC=humongous(continues), CS=collection set, F=free, OA=open archive, CA=closed archive, TAMS=top-at-mark-start (previous, next)
|   0|0x0000000703600000, 0x0000000703800000, 0x0000000703800000|100%| O|  |TAMS 0x0000000703800000, 0x0000000703600000| Untracked 
|   1|0x0000000703800000, 0x0000000703a00000, 0x0000000703a00000|100%| O|  |TAMS 0x0000000703a00000, 0x0000000703800000| Untracked 
|   2|0x0000000703a00000, 0x0000000703c00000, 0x0000000703c00000|100%| O|  |TAMS 0x0000000703c00000, 0x0000000703a00000| Untracked 
|   3|0x0000000703c00000, 0x0000000703e00000, 0x0000000703e00000|100%| O|  |TAMS 0x0000000703e00000, 0x0000000703c00000| Untracked 
|   4|0x0000000703e00000, 0x0000000704000000, 0x0000000704000000|100%| O|  |TAMS 0x0000000704000000, 0x0000000703e00000| Untracked 
|   5|0x0000000704000000, 0x0000000704200000, 0x0000000704200000|100%| O|  |TAMS 0x0000000704200000, 0x0000000704000000| Untracked 
|   6|0x0000000704200000, 0x0000000704400000, 0x0000000704400000|100%| O|  |TAMS 0x0000000704400000, 0x0000000704200000| Untracked 
|   7|0x0000000704400000, 0x0000000704600000, 0x0000000704600000|100%| O|  |TAMS 0x0000000704600000, 0x0000000704400000| Untracked 
|   8|0x0000000704600000, 0x0000000704800000, 0x0000000704800000|100%| O|  |TAMS 0x0000000704600000, 0x0000000704600000| Untracked 
|   9|0x0000000704800000, 0x0000000704a00000, 0x0000000704a00000|100%| O|  |TAMS 0x0000000704a00000, 0x0000000704800000| Untracked 
|  10|0x0000000704a00000, 0x0000000704a00000, 0x0000000704c00000|  0%| F|  |TAMS 0x0000000704a00000, 0x0000000704a00000| Untracked 
|  11|0x0000000704c00000, 0x0000000704e00000, 0x0000000704e00000|100%| O|  |TAMS 0x0000000704c00000, 0x0000000704c00000| Untracked 
|  12|0x0000000704e00000, 0x0000000705000000, 0x0000000705000000|100%| O|  |TAMS 0x0000000704e00000, 0x0000000704e00000| Untracked 
|  13|0x0000000705000000, 0x0000000705200000, 0x0000000705200000|100%| O|  |TAMS 0x0000000705000000, 0x0000000705000000| Untracked 
|  14|0x0000000705200000, 0x0000000705200000, 0x0000000705400000|  0%| F|  |TAMS 0x0000000705200000, 0x0000000705200000| Untracked 
|  15|0x0000000705400000, 0x0000000705400000, 0x0000000705600000|  0%| F|  |TAMS 0x0000000705400000, 0x0000000705400000| Untracked 
|  16|0x0000000705600000, 0x0000000705600000, 0x0000000705800000|  0%| F|  |TAMS 0x0000000705600000, 0x0000000705600000| Untracked 
|  17|0x0000000705800000, 0x0000000705800000, 0x0000000705a00000|  0%| F|  |TAMS 0x0000000705800000, 0x0000000705800000| Untracked 
|  18|0x0000000705a00000, 0x0000000705a93c00, 0x0000000705c00000| 28%| O|  |TAMS 0x0000000705a00000, 0x0000000705a00000| Untracked 
|  19|0x0000000705c00000, 0x0000000705c00000, 0x0000000705e00000|  0%| F|  |TAMS 0x0000000705c00000, 0x0000000705c00000| Untracked 
|  20|0x0000000705e00000, 0x0000000705e00000, 0x0000000706000000|  0%| F|  |TAMS 0x0000000705e00000, 0x0000000705e00000| Untracked 
|  21|0x0000000706000000, 0x0000000706000000, 0x0000000706200000|  0%| F|  |TAMS 0x0000000706000000, 0x0000000706000000| Untracked 
|  22|0x0000000706200000, 0x0000000706200000, 0x0000000706400000|  0%| F|  |TAMS 0x0000000706200000, 0x0000000706200000| Untracked 
|  23|0x0000000706400000, 0x0000000706400000, 0x0000000706600000|  0%| F|  |TAMS 0x0000000706400000, 0x0000000706400000| Untracked 
|  24|0x0000000706600000, 0x0000000706600000, 0x0000000706800000|  0%| F|  |TAMS 0x0000000706600000, 0x0000000706600000| Untracked 
|  25|0x0000000706800000, 0x0000000706800000, 0x0000000706a00000|  0%| F|  |TAMS 0x0000000706800000, 0x0000000706800000| Untracked 
|  26|0x0000000706a00000, 0x0000000706a00000, 0x0000000706c00000|  0%| F|  |TAMS 0x0000000706a00000, 0x0000000706a00000| Untracked 
|  27|0x0000000706c00000, 0x0000000706c00000, 0x0000000706e00000|  0%| F|  |TAMS 0x0000000706c00000, 0x0000000706c00000| Untracked 
|  28|0x0000000706e00000, 0x0000000706e00000, 0x0000000707000000|  0%| F|  |TAMS 0x0000000706e00000, 0x0000000706e00000| Untracked 
|  29|0x0000000707000000, 0x0000000707000000, 0x0000000707200000|  0%| F|  |TAMS 0x0000000707000000, 0x0000000707000000| Untracked 
|  30|0x0000000707200000, 0x0000000707200000, 0x0000000707400000|  0%| F|  |TAMS 0x0000000707200000, 0x0000000707200000| Untracked 
|  31|0x0000000707400000, 0x0000000707400000, 0x0000000707600000|  0%| F|  |TAMS 0x0000000707400000, 0x0000000707400000| Untracked 
|  32|0x0000000707600000, 0x0000000707600000, 0x0000000707800000|  0%| F|  |TAMS 0x0000000707600000, 0x0000000707600000| Untracked 
|  33|0x0000000707800000, 0x0000000707800000, 0x0000000707a00000|  0%| F|  |TAMS 0x0000000707800000, 0x0000000707800000| Untracked 
|  34|0x0000000707a00000, 0x0000000707a00000, 0x0000000707c00000|  0%| F|  |TAMS 0x0000000707a00000, 0x0000000707a00000| Untracked 
|  35|0x0000000707c00000, 0x0000000707c00000, 0x0000000707e00000|  0%| F|  |TAMS 0x0000000707c00000, 0x0000000707c00000| Untracked 
|  36|0x0000000707e00000, 0x0000000707e00000, 0x0000000708000000|  0%| F|  |TAMS 0x0000000707e00000, 0x0000000707e00000| Untracked 
|  37|0x0000000708000000, 0x0000000708000000, 0x0000000708200000|  0%| F|  |TAMS 0x0000000708000000, 0x0000000708000000| Untracked 
|  38|0x0000000708200000, 0x0000000708200000, 0x0000000708400000|  0%| F|  |TAMS 0x0000000708200000, 0x0000000708200000| Untracked 
|  39|0x0000000708400000, 0x0000000708400000, 0x0000000708600000|  0%| F|  |TAMS 0x0000000708400000, 0x0000000708400000| Untracked 
|  40|0x0000000708600000, 0x0000000708600000, 0x0000000708800000|  0%| F|  |TAMS 0x0000000708600000, 0x0000000708600000| Untracked 
|  55|0x000000070a400000, 0x000000070a4dc7e8, 0x000000070a600000| 43%| E|  |TAMS 0x000000070a400000, 0x000000070a400000| Complete 
|  56|0x000000070a600000, 0x000000070a732140, 0x000000070a800000| 59%| S|CS|TAMS 0x000000070a600000, 0x000000070a600000| Complete 
| 126|0x0000000713200000, 0x0000000713400000, 0x0000000713400000|100%| E|CS|TAMS 0x0000000713200000, 0x0000000713200000| Complete 

Card table byte_map: [0x000001e37c380000,0x000001e37cb70000] _byte_map_base: 0x000001e378b65000

Marking Bits (Prev, Next): (CMBitMap*) 0x000001e37b808270, (CMBitMap*) 0x000001e37b808230
 Prev Bits: [0x000001e31a710000, 0x000001e31e638000)
 Next Bits: [0x000001e3167e0000, 0x000001e31a708000)

Polling page: 0x000001e379500000

Metaspace:

Usage:
  Non-class:     57.06 MB used.
      Class:      9.09 MB used.
       Both:     66.15 MB used.

Virtual space:
  Non-class space:       64.00 MB reserved,      57.38 MB ( 90%) committed,  1 nodes.
      Class space:        1.00 GB reserved,       9.38 MB ( <1%) committed,  1 nodes.
             Both:        1.06 GB reserved,      66.75 MB (  6%) committed. 

Chunk freelists:
   Non-Class:  6.05 MB
       Class:  6.60 MB
        Both:  12.65 MB

MaxMetaspaceSize: unlimited
CompressedClassSpaceSize: 1.00 GB
Initial GC threshold: 21.00 MB
Current GC threshold: 99.00 MB
CDS: on
MetaspaceReclaimPolicy: balanced
 - commit_granule_bytes: 65536.
 - commit_granule_words: 8192.
 - virtual_space_node_default_size: 8388608.
 - enlarge_chunks_in_place: 1.
 - new_chunks_are_fully_committed: 0.
 - uncommit_free_chunks: 1.
 - use_allocation_guard: 0.
 - handle_deallocations: 1.


Internal statistics:

num_allocs_failed_limit: 9.
num_arena_births: 914.
num_arena_deaths: 0.
num_vsnodes_births: 2.
num_vsnodes_deaths: 0.
num_space_committed: 1068.
num_space_uncommitted: 0.
num_chunks_returned_to_freelist: 9.
num_chunks_taken_from_freelist: 3426.
num_chunk_merges: 9.
num_chunk_splits: 2502.
num_chunks_enlarged: 1965.
num_inconsistent_stats: 0.

CodeHeap 'non-profiled nmethods': size=120000Kb used=3593Kb max_used=3593Kb free=116406Kb
 bounds [0x000001e30f2b0000, 0x000001e30f640000, 0x000001e3167e0000]
CodeHeap 'profiled nmethods': size=120000Kb used=9337Kb max_used=9536Kb free=110662Kb
 bounds [0x000001e3077e0000, 0x000001e308140000, 0x000001e30ed10000]
CodeHeap 'non-nmethods': size=5760Kb used=1353Kb max_used=1437Kb free=4406Kb
 bounds [0x000001e30ed10000, 0x000001e30ef80000, 0x000001e30f2b0000]
 total_blobs=5347 nmethods=4669 adapters=590
 compilation: enabled
              stopped_count=0, restarted_count=0
 full_count=0

Compilation events (20 events):
Event: 34.395 Thread 0x000001e31e77ab80 nmethod 5396 0x000001e307eda910 code [0x000001e307edaaa0, 0x000001e307edabd8]
Event: 34.395 Thread 0x000001e31e77ab80 5397       3       jdk.internal.org.objectweb.asm.ClassWriter::visitSource (39 bytes)
Event: 34.395 Thread 0x000001e31e77ab80 nmethod 5397 0x000001e307eda110 code [0x000001e307eda2e0, 0x000001e307eda778]
Event: 34.395 Thread 0x000001e31e77ab80 5398       3       java.lang.invoke.MethodHandleNatives::classData (17 bytes)
Event: 34.395 Thread 0x000001e31e77ab80 nmethod 5398 0x000001e307ed9a90 code [0x000001e307ed9c60, 0x000001e307ed9f98]
Event: 34.395 Thread 0x000001e31e77ab80 5399       3       java.lang.System$2::classData (5 bytes)
Event: 34.396 Thread 0x000001e31e77ab80 nmethod 5399 0x000001e307ed9490 code [0x000001e307ed9620, 0x000001e307ed9758]
Event: 34.397 Thread 0x000001e31e77ab80 5402       3       java.lang.invoke.InvokerBytecodeGenerator::<init> (126 bytes)
Event: 34.399 Thread 0x000001e31e77ab80 nmethod 5402 0x000001e307e66790 code [0x000001e307e66a80, 0x000001e307e67c48]
Event: 34.418 Thread 0x000001e31e77ab80 5404       3       org.springframework.core.annotation.AttributeMethods::isAttributeMethod (23 bytes)
Event: 34.419 Thread 0x000001e31e77ab80 nmethod 5404 0x000001e307e66290 code [0x000001e307e66440, 0x000001e307e66658]
Event: 34.432 Thread 0x000001e31e77ab80 5406       3       java.lang.invoke.MethodType::invokers (27 bytes)
Event: 34.432 Thread 0x000001e31e77ab80 nmethod 5406 0x000001e307e65b10 code [0x000001e307e65cc0, 0x000001e307e66138]
Event: 34.438 Thread 0x000001e31e7720c0 nmethod 5394 0x000001e30f460190 code [0x000001e30f4603e0, 0x000001e30f461b00]
Event: 34.438 Thread 0x000001e31e7720c0 5403   !   4       java.util.concurrent.ConcurrentHashMap::computeIfAbsent (576 bytes)
Event: 34.463 Thread 0x000001e31e7720c0 nmethod 5403 0x000001e30f631490 code [0x000001e30f6316a0, 0x000001e30f632a60]
Event: 34.463 Thread 0x000001e31e7720c0 5405   !   4       org.springframework.core.annotation.AnnotationsScanner::processMethodInheritedAnnotations (33 bytes)
Event: 34.465 Thread 0x000001e31e7720c0 nmethod 5405 0x000001e30f45fa10 code [0x000001e30f45fbe0, 0x000001e30f45fe10]
Event: 34.466 Thread 0x000001e31e7720c0 5395       4       jdk.internal.org.objectweb.asm.ClassWriter::visitMethod (57 bytes)
Event: 34.468 Thread 0x000001e31e7720c0 nmethod 5395 0x000001e30f2f7a10 code [0x000001e30f2f7ba0, 0x000001e30f2f7fc8]

GC Heap History (20 events):
Event: 2.746 GC heap before
{Heap before GC invocations=5 (full 0):
 garbage-first heap   total 61440K, used 18491K [0x0000000703600000, 0x0000000800000000)
  region size 2048K, 3 young (6144K), 2 survivors (4096K)
 Metaspace       used 26026K, committed 26432K, reserved 1114112K
  class space    used 3324K, committed 3520K, reserved 1048576K
}
Event: 2.750 GC heap after
{Heap after GC invocations=6 (full 0):
 garbage-first heap   total 61440K, used 16631K [0x0000000703600000, 0x0000000800000000)
  region size 2048K, 1 young (2048K), 1 survivors (2048K)
 Metaspace       used 26026K, committed 26432K, reserved 1114112K
  class space    used 3324K, committed 3520K, reserved 1048576K
}
Event: 3.281 GC heap before
{Heap before GC invocations=6 (full 0):
 garbage-first heap   total 61440K, used 39159K [0x0000000703600000, 0x0000000800000000)
  region size 2048K, 12 young (24576K), 1 survivors (2048K)
 Metaspace       used 29363K, committed 29824K, reserved 1114112K
  class space    used 3741K, committed 3968K, reserved 1048576K
}
Event: 3.284 GC heap after
{Heap after GC invocations=7 (full 0):
 garbage-first heap   total 61440K, used 17949K [0x0000000703600000, 0x0000000800000000)
  region size 2048K, 1 young (2048K), 1 survivors (2048K)
 Metaspace       used 29363K, committed 29824K, reserved 1114112K
  class space    used 3741K, committed 3968K, reserved 1048576K
}
Event: 3.928 GC heap before
{Heap before GC invocations=7 (full 0):
 garbage-first heap   total 61440K, used 42525K [0x0000000703600000, 0x0000000800000000)
  region size 2048K, 13 young (26624K), 1 survivors (2048K)
 Metaspace       used 35376K, committed 35776K, reserved 1114112K
  class space    used 4686K, committed 4864K, reserved 1048576K
}
Event: 3.931 GC heap after
{Heap after GC invocations=8 (full 0):
 garbage-first heap   total 61440K, used 19069K [0x0000000703600000, 0x0000000800000000)
  region size 2048K, 2 young (4096K), 2 survivors (4096K)
 Metaspace       used 35376K, committed 35776K, reserved 1114112K
  class space    used 4686K, committed 4864K, reserved 1048576K
}
Event: 3.963 GC heap before
{Heap before GC invocations=8 (full 0):
 garbage-first heap   total 61440K, used 19069K [0x0000000703600000, 0x0000000800000000)
  region size 2048K, 3 young (6144K), 2 survivors (4096K)
 Metaspace       used 35704K, committed 36096K, reserved 1114112K
  class space    used 4750K, committed 4928K, reserved 1048576K
}
Event: 3.966 GC heap after
{Heap after GC invocations=9 (full 0):
 garbage-first heap   total 61440K, used 19444K [0x0000000703600000, 0x0000000800000000)
  region size 2048K, 1 young (2048K), 1 survivors (2048K)
 Metaspace       used 35704K, committed 36096K, reserved 1114112K
  class space    used 4750K, committed 4928K, reserved 1048576K
}
Event: 4.443 GC heap before
{Heap before GC invocations=10 (full 0):
 garbage-first heap   total 61440K, used 44020K [0x0000000703600000, 0x0000000800000000)
  region size 2048K, 14 young (28672K), 1 survivors (2048K)
 Metaspace       used 43358K, committed 43776K, reserved 1114112K
  class space    used 5748K, committed 5952K, reserved 1048576K
}
Event: 4.446 GC heap after
{Heap after GC invocations=11 (full 0):
 garbage-first heap   total 61440K, used 20885K [0x0000000703600000, 0x0000000800000000)
  region size 2048K, 2 young (4096K), 2 survivors (4096K)
 Metaspace       used 43358K, committed 43776K, reserved 1114112K
  class space    used 5748K, committed 5952K, reserved 1048576K
}
Event: 4.495 GC heap before
{Heap before GC invocations=11 (full 0):
 garbage-first heap   total 61440K, used 22933K [0x0000000703600000, 0x0000000800000000)
  region size 2048K, 3 young (6144K), 2 survivors (4096K)
 Metaspace       used 43956K, committed 44416K, reserved 1114112K
  class space    used 5818K, committed 6080K, reserved 1048576K
}
Event: 4.498 GC heap after
{Heap after GC invocations=12 (full 0):
 garbage-first heap   total 61440K, used 20739K [0x0000000703600000, 0x0000000800000000)
  region size 2048K, 1 young (2048K), 1 survivors (2048K)
 Metaspace       used 43956K, committed 44416K, reserved 1114112K
  class space    used 5818K, committed 6080K, reserved 1048576K
}
Event: 4.864 GC heap before
{Heap before GC invocations=12 (full 0):
 garbage-first heap   total 61440K, used 43267K [0x0000000703600000, 0x0000000800000000)
  region size 2048K, 13 young (26624K), 1 survivors (2048K)
 Metaspace       used 51081K, committed 51584K, reserved 1114112K
  class space    used 6880K, committed 7104K, reserved 1048576K
}
Event: 4.865 GC heap after
{Heap after GC invocations=13 (full 0):
 garbage-first heap   total 161792K, used 21550K [0x0000000703600000, 0x0000000800000000)
  region size 2048K, 1 young (2048K), 1 survivors (2048K)
 Metaspace       used 51081K, committed 51584K, reserved 1114112K
  class space    used 6880K, committed 7104K, reserved 1048576K
}
Event: 5.738 GC heap before
{Heap before GC invocations=13 (full 0):
 garbage-first heap   total 161792K, used 64558K [0x0000000703600000, 0x0000000800000000)
  region size 2048K, 23 young (47104K), 1 survivors (2048K)
 Metaspace       used 60064K, committed 60608K, reserved 1114112K
  class space    used 8200K, committed 8448K, reserved 1048576K
}
Event: 5.742 GC heap after
{Heap after GC invocations=14 (full 0):
 garbage-first heap   total 161792K, used 24407K [0x0000000703600000, 0x0000000800000000)
  region size 2048K, 2 young (4096K), 2 survivors (4096K)
 Metaspace       used 60064K, committed 60608K, reserved 1114112K
  class space    used 8200K, committed 8448K, reserved 1048576K
}
Event: 33.301 GC heap before
{Heap before GC invocations=15 (full 0):
 garbage-first heap   total 90112K, used 73559K [0x0000000703600000, 0x0000000800000000)
  region size 2048K, 26 young (53248K), 2 survivors (4096K)
 Metaspace       used 66613K, committed 67200K, reserved 1114112K
  class space    used 9156K, committed 9408K, reserved 1048576K
}
Event: 33.313 GC heap after
{Heap after GC invocations=16 (full 0):
 garbage-first heap   total 90112K, used 27819K [0x0000000703600000, 0x0000000800000000)
  region size 2048K, 4 young (8192K), 4 survivors (8192K)
 Metaspace       used 66613K, committed 67200K, reserved 1114112K
  class space    used 9156K, committed 9408K, reserved 1048576K
}
Event: 34.400 GC heap before
{Heap before GC invocations=16 (full 0):
 garbage-first heap   total 90112K, used 29867K [0x0000000703600000, 0x0000000800000000)
  region size 2048K, 5 young (10240K), 4 survivors (8192K)
 Metaspace       used 67175K, committed 67840K, reserved 1114112K
  class space    used 9227K, committed 9536K, reserved 1048576K
}
Event: 34.406 GC heap after
{Heap after GC invocations=17 (full 0):
 garbage-first heap   total 90112K, used 28439K [0x0000000703600000, 0x0000000800000000)
  region size 2048K, 1 young (2048K), 1 survivors (2048K)
 Metaspace       used 67175K, committed 67840K, reserved 1114112K
  class space    used 9227K, committed 9536K, reserved 1048576K
}

Deoptimization events (20 events):
Event: 6.703 Thread 0x000001e3647eedc0 DEOPT PACKING pc=0x000001e30f4394b8 sp=0x00000026e72fdf70
Event: 6.703 Thread 0x000001e3647eedc0 DEOPT UNPACKING pc=0x000001e30ed65ba3 sp=0x00000026e72fdf28 mode 2
Event: 6.703 Thread 0x000001e3647eedc0 Uncommon trap: trap_request=0xffffffde fr.pc=0x000001e30f4394b8 relative=0x0000000000000698
Event: 6.703 Thread 0x000001e3647eedc0 Uncommon trap: reason=class_check action=maybe_recompile pc=0x000001e30f4394b8 method=org.springframework.core.ResolvableType.resolveType()Lorg/springframework/core/ResolvableType; @ 44 c2
Event: 6.703 Thread 0x000001e3647eedc0 DEOPT PACKING pc=0x000001e30f4394b8 sp=0x00000026e72fe060
Event: 6.703 Thread 0x000001e3647eedc0 DEOPT UNPACKING pc=0x000001e30ed65ba3 sp=0x00000026e72fe018 mode 2
Event: 19.865 Thread 0x000001e366643620 DEOPT PACKING pc=0x000001e3080129c7 sp=0x00000026e81ff110
Event: 19.865 Thread 0x000001e366643620 DEOPT UNPACKING pc=0x000001e30ed666e3 sp=0x00000026e81fe5d8 mode 0
Event: 32.021 Thread 0x000001e366644040 Uncommon trap: trap_request=0xffffff45 fr.pc=0x000001e30f2f0ea4 relative=0x0000000000001104
Event: 32.021 Thread 0x000001e366644040 Uncommon trap: reason=unstable_if action=reinterpret pc=0x000001e30f2f0ea4 method=java.util.concurrent.ConcurrentHashMap.putVal(Ljava/lang/Object;Ljava/lang/Object;Z)Ljava/lang/Object; @ 97 c2
Event: 32.021 Thread 0x000001e366644040 DEOPT PACKING pc=0x000001e30f2f0ea4 sp=0x00000026e84fe850
Event: 32.021 Thread 0x000001e366644040 DEOPT UNPACKING pc=0x000001e30ed65ba3 sp=0x00000026e84fe7d8 mode 2
Event: 32.123 Thread 0x000001e366644040 Uncommon trap: trap_request=0xffffff45 fr.pc=0x000001e30f3634d4 relative=0x00000000000001d4
Event: 32.123 Thread 0x000001e366644040 Uncommon trap: reason=unstable_if action=reinterpret pc=0x000001e30f3634d4 method=java.lang.String.indexOf(Ljava/lang/String;)I @ 10 c2
Event: 32.123 Thread 0x000001e366644040 DEOPT PACKING pc=0x000001e30f3634d4 sp=0x00000026e84fde70
Event: 32.123 Thread 0x000001e366644040 DEOPT UNPACKING pc=0x000001e30ed65ba3 sp=0x00000026e84fde00 mode 2
Event: 34.424 Thread 0x000001e366644040 Uncommon trap: trap_request=0xffffff45 fr.pc=0x000001e30f3e34f0 relative=0x00000000000024d0
Event: 34.424 Thread 0x000001e366644040 Uncommon trap: reason=unstable_if action=reinterpret pc=0x000001e30f3e34f0 method=org.springframework.transaction.annotation.SpringTransactionAnnotationParser.parseTransactionAnnotation(Ljava/lang/reflect/AnnotatedElement;)Lorg/springframework/transaction
Event: 34.424 Thread 0x000001e366644040 DEOPT PACKING pc=0x000001e30f3e34f0 sp=0x00000026e84fabe0
Event: 34.424 Thread 0x000001e366644040 DEOPT UNPACKING pc=0x000001e30ed65ba3 sp=0x00000026e84fab70 mode 2

Classes unloaded (0 events):
No events

Classes redefined (0 events):
No events

Internal exceptions (20 events):
Event: 5.412 Thread 0x000001e3647eedc0 Exception <a 'java/lang/reflect/InvocationTargetException'{0x000000070b4cdab8}> (0x000000070b4cdab8) 
thrown [s\open\src\hotspot\share\runtime\reflection.cpp, line 1121]
Event: 5.420 Thread 0x000001e3647eedc0 Exception <a 'java/lang/NoSuchMethodError'{0x000000070b5354a0}: 'int java.lang.invoke.DirectMethodHandle$Holder.invokeStatic(java.lang.Object, java.lang.Object, int)'> (0x000000070b5354a0) 
thrown [s\open\src\hotspot\share\interpreter\linkResolver.cpp, line 759]
Event: 5.426 Thread 0x000001e3647eedc0 Exception <a 'java/lang/IncompatibleClassChangeError'{0x000000070b5786b0}: Found class java.lang.Object, but interface was expected> (0x000000070b5786b0) 
thrown [s\open\src\hotspot\share\interpreter\linkResolver.cpp, line 826]
Event: 5.429 Thread 0x000001e3647eedc0 Exception <a 'java/lang/IncompatibleClassChangeError'{0x000000070b57f1f0}: Found class java.lang.Object, but interface was expected> (0x000000070b57f1f0) 
thrown [s\open\src\hotspot\share\interpreter\linkResolver.cpp, line 826]
Event: 5.470 Thread 0x000001e3647eedc0 Exception <a 'java/lang/NoSuchMethodError'{0x000000070b338298}: 'java.lang.Object java.lang.invoke.DirectMethodHandle$Holder.invokeStatic(java.lang.Object, int, java.lang.Object)'> (0x000000070b338298) 
thrown [s\open\src\hotspot\share\interpreter\linkResolver.cpp, line 759]
Event: 5.529 Thread 0x000001e3647eedc0 Exception <a 'java/lang/NoSuchMethodError'{0x000000070b1a5078}: 'long java.lang.invoke.DirectMethodHandle$Holder.invokeVirtual(java.lang.Object, java.lang.Object)'> (0x000000070b1a5078) 
thrown [s\open\src\hotspot\share\interpreter\linkResolver.cpp, line 759]
Event: 5.535 Thread 0x000001e3647eedc0 Exception <a 'java/io/FileNotFoundException'{0x000000070b1d1d18}> (0x000000070b1d1d18) 
thrown [s\open\src\hotspot\share\prims\jni.cpp, line 516]
Event: 5.662 Thread 0x000001e3647eedc0 Exception <a 'sun/nio/fs/WindowsException'{0x000000070ad73998}> (0x000000070ad73998) 
thrown [s\open\src\hotspot\share\prims\jni.cpp, line 516]
Event: 6.015 Thread 0x000001e3647eedc0 Exception <a 'sun/nio/fs/WindowsException'{0x0000000707ecdf28}> (0x0000000707ecdf28) 
thrown [s\open\src\hotspot\share\prims\jni.cpp, line 516]
Event: 6.063 Thread 0x000001e3647eedc0 Exception <a 'java/lang/IncompatibleClassChangeError'{0x0000000707d81ee0}: Found class java.lang.Object, but interface was expected> (0x0000000707d81ee0) 
thrown [s\open\src\hotspot\share\interpreter\linkResolver.cpp, line 826]
Event: 6.289 Thread 0x000001e3647eedc0 Exception <a 'java/lang/NoSuchMethodError'{0x00000007075ad3c8}: 'void java.lang.invoke.DirectMethodHandle$Holder.invokeVirtual(java.lang.Object, java.lang.Object, long)'> (0x00000007075ad3c8) 
thrown [s\open\src\hotspot\share\interpreter\linkResolver.cpp, line 759]
Event: 6.306 Thread 0x000001e3647eedc0 Exception <a 'java/lang/NoSuchMethodError'{0x00000007072a21b0}: 'java.lang.Object java.lang.invoke.DirectMethodHandle$Holder.invokeSpecial(java.lang.Object, java.lang.Object, int, int, int, int)'> (0x00000007072a21b0) 
thrown [s\open\src\hotspot\share\interpreter\linkResolver.cpp, line 759]
Event: 6.400 Thread 0x000001e3647eedc0 Exception <a 'java/lang/NoSuchMethodError'{0x0000000707048b08}: 'int java.lang.invoke.DirectMethodHandle$Holder.invokeStaticInit(java.lang.Object, java.lang.Object, java.lang.Object, java.lang.Object)'> (0x0000000707048b08) 
thrown [s\open\src\hotspot\share\interpreter\linkResolver.cpp, line 759]
Event: 6.457 Thread 0x000001e3647eedc0 Exception <a 'java/lang/IncompatibleClassChangeError'{0x0000000706e10e70}: Found class java.lang.Object, but interface was expected> (0x0000000706e10e70) 
thrown [s\open\src\hotspot\share\interpreter\linkResolver.cpp, line 826]
Event: 6.475 Thread 0x000001e3647eedc0 Implicit null exception at 0x000001e30f419eba to 0x000001e30f41a0ac
Event: 6.501 Thread 0x000001e3647eedc0 Exception <a 'java/lang/NoSuchMethodError'{0x0000000706f99ad8}: 'java.lang.Object java.lang.invoke.DirectMethodHandle$Holder.invokeSpecial(java.lang.Object, java.lang.Object, java.lang.Object, java.lang.Object, java.lang.Object, java.lang.Object, java.lang.Object, java.lang.Object, java.lang.Object, java.lang.Object, java.lang.Object)'> (0x0000000706f99ad8) 
thrown [s\open\src\hotspot\share\interpreter\linkResolver.cpp, line 759]
Event: 6.501 Thread 0x000001e3647eedc0 Exception <a 'java/lang/NoSuchMethodError'{0x0000000706f9df08}: 'java.lang.Object java.lang.invoke.Invokers$Holder.invoke_MT(java.lang.Object, java.lang.Object, java.lang.Object, java.lang.Object, java.lang.Object, java.lang.Object, java.lang.Object, java.lang.Object, java.lang.Object, java.lang.Object, java.lang.Object)'> (0x0000000706f9df08) 
thrown [s\open\src\hotspot\share\interpreter\linkResolver.cpp, line 759]
Event: 6.648 Thread 0x000001e3647eedc0 Exception <a 'java/lang/NoSuchMethodError'{0x0000000706bc9a30}: 'java.lang.Object java.lang.invoke.DirectMethodHandle$Holder.newInvokeSpecial(java.lang.Object, java.lang.Object, int, java.lang.Object, java.lang.Object)'> (0x0000000706bc9a30) 
thrown [s\open\src\hotspot\share\interpreter\linkResolver.cpp, line 759]
Event: 32.042 Thread 0x000001e366644f70 Exception <a 'java/lang/NoSuchMethodError'{0x0000000705e3f840}: 'java.lang.Object java.lang.invoke.DirectMethodHandle$Holder.invokeSpecial(java.lang.Object, java.lang.Object, java.lang.Object, java.lang.Object, java.lang.Object, long)'> (0x0000000705e3f840) 
thrown [s\open\src\hotspot\share\interpreter\linkResolver.cpp, line 759]
Event: 32.043 Thread 0x000001e366644f70 Exception <a 'java/lang/NoSuchMethodError'{0x0000000705e43688}: 'java.lang.Object java.lang.invoke.Invokers$Holder.linkToTargetMethod(java.lang.Object, java.lang.Object, java.lang.Object, long, java.lang.Object)'> (0x0000000705e43688) 
thrown [s\open\src\hotspot\share\interpreter\linkResolver.cpp, line 759]

VM Operations (20 events):
Event: 13.705 Executing VM operation: Cleanup done
Event: 19.762 Executing VM operation: Cleanup
Event: 19.762 Executing VM operation: Cleanup done
Event: 32.070 Executing VM operation: HandshakeAllThreads
Event: 32.070 Executing VM operation: HandshakeAllThreads done
Event: 32.070 Executing VM operation: Cleanup
Event: 32.070 Executing VM operation: Cleanup done
Event: 32.207 Executing VM operation: HandshakeAllThreads
Event: 32.207 Executing VM operation: HandshakeAllThreads done
Event: 32.220 Executing VM operation: HandshakeAllThreads
Event: 32.220 Executing VM operation: HandshakeAllThreads done
Event: 33.226 Executing VM operation: Cleanup
Event: 33.226 Executing VM operation: Cleanup done
Event: 33.301 Executing VM operation: G1CollectForAllocation
Event: 33.313 Executing VM operation: G1CollectForAllocation done
Event: 34.400 Executing VM operation: G1CollectForAllocation
Event: 34.406 Executing VM operation: G1CollectForAllocation done
Event: 34.406 Executing VM operation: HandshakeAllThreads
Event: 34.406 Executing VM operation: HandshakeAllThreads done
Event: 35.415 Executing VM operation: Cleanup

Events (20 events):
Event: 32.050 loading class sun/nio/cs/ThreadLocalCoders
Event: 32.051 loading class sun/nio/cs/ThreadLocalCoders done
Event: 32.051 loading class sun/nio/cs/ThreadLocalCoders$1
Event: 32.051 loading class sun/nio/cs/ThreadLocalCoders$Cache
Event: 32.051 loading class sun/nio/cs/ThreadLocalCoders$Cache done
Event: 32.051 loading class sun/nio/cs/ThreadLocalCoders$1 done
Event: 32.051 loading class sun/nio/cs/ThreadLocalCoders$2
Event: 32.051 loading class sun/nio/cs/ThreadLocalCoders$2 done
Event: 32.220 loading class java/time/format/DateTimeFormatterBuilder$ZoneTextPrinterParser
Event: 32.220 loading class java/time/format/DateTimeFormatterBuilder$ZoneTextPrinterParser done
Event: 32.220 loading class java/time/format/DateTimeFormatterBuilder$ReducedPrinterParser
Event: 32.220 loading class java/time/format/DateTimeFormatterBuilder$ReducedPrinterParser done
Event: 32.224 loading class java/util/OptionalLong
Event: 32.224 loading class java/util/OptionalLong done
Event: 32.224 loading class java/util/OptionalDouble
Event: 32.224 loading class java/util/OptionalDouble done
Event: 32.236 loading class org/w3c/dom/Node
Event: 32.237 loading class org/w3c/dom/Node done
Event: 32.237 loading class org/w3c/dom/Document
Event: 32.237 loading class org/w3c/dom/Document done


Dynamic libraries:
0x00007ff62a500000 - 0x00007ff62a510000 	C:\Program Files\Java\jdk-17\bin\java.exe
0x00007ff8ec560000 - 0x00007ff8ec7c3000 	C:\WINDOWS\SYSTEM32\ntdll.dll
0x00007ff8ebc20000 - 0x00007ff8ebce7000 	C:\WINDOWS\System32\KERNEL32.DLL
0x00007ff8e9ea0000 - 0x00007ff8ea267000 	C:\WINDOWS\System32\KERNELBASE.dll
0x00007ff8e9c80000 - 0x00007ff8e9dcc000 	C:\WINDOWS\System32\ucrtbase.dll
0x00007ff8e4270000 - 0x00007ff8e4289000 	C:\Program Files\Java\jdk-17\bin\jli.dll
0x00007ff8dfaf0000 - 0x00007ff8dfb0b000 	C:\Program Files\Java\jdk-17\bin\VCRUNTIME140.dll
0x00007ff8ec380000 - 0x00007ff8ec434000 	C:\WINDOWS\System32\ADVAPI32.dll
0x00007ff8eb7a0000 - 0x00007ff8eb849000 	C:\WINDOWS\System32\msvcrt.dll
0x00007ff8eae90000 - 0x00007ff8eaf36000 	C:\WINDOWS\System32\sechost.dll
0x00007ff8ebde0000 - 0x00007ff8ebef6000 	C:\WINDOWS\System32\RPCRT4.dll
0x00007ff8eac10000 - 0x00007ff8eadd9000 	C:\WINDOWS\System32\USER32.dll
0x00007ff8e9dd0000 - 0x00007ff8e9df7000 	C:\WINDOWS\System32\win32u.dll
0x00007ff8d0940000 - 0x00007ff8d0bd0000 	C:\WINDOWS\WinSxS\amd64_microsoft.windows.common-controls_6595b64144ccf1df_6.0.26100.3037_none_3e09262ce333c378\COMCTL32.dll
0x00007ff8eb860000 - 0x00007ff8eb88a000 	C:\WINDOWS\System32\GDI32.dll
0x00007ff8ea270000 - 0x00007ff8ea39b000 	C:\WINDOWS\System32\gdi32full.dll
0x00007ff8e9bd0000 - 0x00007ff8e9c73000 	C:\WINDOWS\System32\msvcp_win.dll
0x00007ff8e15a0000 - 0x00007ff8e15ab000 	C:\WINDOWS\SYSTEM32\VERSION.dll
0x00007ff8eb2d0000 - 0x00007ff8eb2ff000 	C:\WINDOWS\System32\IMM32.DLL
0x00007ff8e56c0000 - 0x00007ff8e56cc000 	C:\Program Files\Java\jdk-17\bin\vcruntime140_1.dll
0x00007ff8d6940000 - 0x00007ff8d69ce000 	C:\Program Files\Java\jdk-17\bin\msvcp140.dll
0x00007ff853240000 - 0x00007ff853e1f000 	C:\Program Files\Java\jdk-17\bin\server\jvm.dll
0x00007ff8ec490000 - 0x00007ff8ec498000 	C:\WINDOWS\System32\PSAPI.DLL
0x00007ff8e00a0000 - 0x00007ff8e00d6000 	C:\WINDOWS\SYSTEM32\WINMM.dll
0x00007ff8e1f00000 - 0x00007ff8e1f0a000 	C:\WINDOWS\SYSTEM32\WSOCK32.dll
0x00007ff8ec4a0000 - 0x00007ff8ec514000 	C:\WINDOWS\System32\WS2_32.dll
0x00007ff8e8710000 - 0x00007ff8e872a000 	C:\WINDOWS\SYSTEM32\kernel.appcore.dll
0x00007ff8d6930000 - 0x00007ff8d693a000 	C:\Program Files\Java\jdk-17\bin\jimage.dll
0x00007ff8e7160000 - 0x00007ff8e73a1000 	C:\WINDOWS\SYSTEM32\DBGHELP.DLL
0x00007ff8eb890000 - 0x00007ff8ebc0e000 	C:\WINDOWS\System32\combase.dll
0x00007ff8eaab0000 - 0x00007ff8eab86000 	C:\WINDOWS\System32\OLEAUT32.dll
0x00007ff8c16f0000 - 0x00007ff8c1729000 	C:\WINDOWS\SYSTEM32\dbgcore.DLL
0x00007ff8e9e00000 - 0x00007ff8e9e99000 	C:\WINDOWS\System32\bcryptPrimitives.dll
0x00007ff8d6920000 - 0x00007ff8d692e000 	C:\Program Files\Java\jdk-17\bin\instrument.dll
0x00007ff8d68f0000 - 0x00007ff8d6915000 	C:\Program Files\Java\jdk-17\bin\java.dll
0x00007ff8d6810000 - 0x00007ff8d68e7000 	C:\Program Files\Java\jdk-17\bin\jsvml.dll
0x00007ff8ea3a0000 - 0x00007ff8eaaa4000 	C:\WINDOWS\System32\SHELL32.dll
0x00007ff8e7580000 - 0x00007ff8e7db7000 	C:\WINDOWS\SYSTEM32\windows.storage.dll
0x00007ff8eafc0000 - 0x00007ff8eb0a9000 	C:\WINDOWS\System32\SHCORE.dll
0x00007ff8ebcf0000 - 0x00007ff8ebd4d000 	C:\WINDOWS\System32\shlwapi.dll
0x00007ff8e9810000 - 0x00007ff8e983e000 	C:\WINDOWS\SYSTEM32\profapi.dll
0x00007ff8d3210000 - 0x00007ff8d3228000 	C:\Program Files\Java\jdk-17\bin\zip.dll
0x00007ff8d3350000 - 0x00007ff8d3369000 	C:\Program Files\Java\jdk-17\bin\net.dll
0x00007ff8e4ac0000 - 0x00007ff8e4bde000 	C:\WINDOWS\SYSTEM32\WINHTTP.dll
0x00007ff8e8c40000 - 0x00007ff8e8ca8000 	C:\WINDOWS\system32\mswsock.dll
0x00007ff8d3230000 - 0x00007ff8d3246000 	C:\Program Files\Java\jdk-17\bin\nio.dll
0x00007ff8d0820000 - 0x00007ff8d083a000 	C:\Program Files\JetBrains\IntelliJ IDEA Community Edition 2022.3.3\bin\breakgen64.dll
0x00007ff8d3340000 - 0x00007ff8d334a000 	C:\Program Files\Java\jdk-17\bin\management.dll
0x00007ff8d3200000 - 0x00007ff8d320b000 	C:\Program Files\Java\jdk-17\bin\management_ext.dll
0x00007ff8d2ec0000 - 0x00007ff8d2ece000 	C:\Program Files\Java\jdk-17\bin\sunmscapi.dll
0x00007ff8e9a50000 - 0x00007ff8e9bc6000 	C:\WINDOWS\System32\CRYPT32.dll
0x00007ff8e90e0000 - 0x00007ff8e9110000 	C:\WINDOWS\SYSTEM32\ncrypt.dll
0x00007ff8e9090000 - 0x00007ff8e90cf000 	C:\WINDOWS\SYSTEM32\NTASN1.dll
0x00007ff8e8ee0000 - 0x00007ff8e8efc000 	C:\WINDOWS\SYSTEM32\CRYPTSP.dll
0x00007ff8e8660000 - 0x00007ff8e8698000 	C:\WINDOWS\system32\rsaenh.dll
0x00007ff8e8ce0000 - 0x00007ff8e8d0b000 	C:\WINDOWS\SYSTEM32\USERENV.dll
0x00007ff8e9120000 - 0x00007ff8e9146000 	C:\WINDOWS\SYSTEM32\bcrypt.dll
0x00007ff8e8f00000 - 0x00007ff8e8f0c000 	C:\WINDOWS\SYSTEM32\CRYPTBASE.dll
0x00007ff8e80d0000 - 0x00007ff8e8102000 	C:\WINDOWS\SYSTEM32\IPHLPAPI.DLL
0x00007ff8ec480000 - 0x00007ff8ec48a000 	C:\WINDOWS\System32\NSI.dll
0x00007ff8e5c50000 - 0x00007ff8e5c6f000 	C:\WINDOWS\SYSTEM32\dhcpcsvc6.DLL
0x00007ff8e58e0000 - 0x00007ff8e5905000 	C:\WINDOWS\SYSTEM32\dhcpcsvc.DLL
0x00007ff8e8110000 - 0x00007ff8e8235000 	C:\WINDOWS\SYSTEM32\DNSAPI.dll
0x00007ff8d0c50000 - 0x00007ff8d0c60000 	C:\Program Files\Java\jdk-17\bin\verify.dll
0x00007ff87faf0000 - 0x00007ff87faf8000 	C:\WINDOWS\system32\wshunix.dll

dbghelp: loaded successfully - version: 4.0.5 - missing functions: none
symbol engine: initialized successfully - sym options: 0x614 - pdb path: .;C:\Program Files\Java\jdk-17\bin;C:\WINDOWS\SYSTEM32;C:\WINDOWS\WinSxS\amd64_microsoft.windows.common-controls_6595b64144ccf1df_6.0.26100.3037_none_3e09262ce333c378;C:\Program Files\Java\jdk-17\bin\server;C:\Program Files\JetBrains\IntelliJ IDEA Community Edition 2022.3.3\bin

VM Arguments:
jvm_args: -javaagent:C:\Program Files\JetBrains\IntelliJ IDEA Community Edition 2022.3.3\lib\idea_rt.jar=55356:C:\Program Files\JetBrains\IntelliJ IDEA Community Edition 2022.3.3\bin -Dfile.encoding=UTF-8 
java_command: com.springboot.login.LoginUserApplication
java_class_path (initial): E:\MyWorkSpace\SpringBoot\SpringBootLearning\LoginUser\target\classes;C:\Users\ITACHI\.m2\repository\org\springframework\boot\spring-boot-starter-data-jpa\3.4.1\spring-boot-starter-data-jpa-3.4.1.jar;C:\Users\ITACHI\.m2\repository\org\springframework\boot\spring-boot-starter\3.4.1\spring-boot-starter-3.4.1.jar;C:\Users\ITACHI\.m2\repository\org\springframework\boot\spring-boot-starter-logging\3.4.1\spring-boot-starter-logging-3.4.1.jar;C:\Users\ITACHI\.m2\repository\ch\qos\logback\logback-classic\1.5.12\logback-classic-1.5.12.jar;C:\Users\ITACHI\.m2\repository\ch\qos\logback\logback-core\1.5.12\logback-core-1.5.12.jar;C:\Users\ITACHI\.m2\repository\org\apache\logging\log4j\log4j-to-slf4j\2.24.3\log4j-to-slf4j-2.24.3.jar;C:\Users\ITACHI\.m2\repository\org\apache\logging\log4j\log4j-api\2.24.3\log4j-api-2.24.3.jar;C:\Users\ITACHI\.m2\repository\org\slf4j\jul-to-slf4j\2.0.16\jul-to-slf4j-2.0.16.jar;C:\Users\ITACHI\.m2\repository\jakarta\annotation\jakarta.annotation-api\2.1.1\jakarta.annotation-api-2.1.1.jar;C:\Users\ITACHI\.m2\repository\org\yaml\snakeyaml\2.3\snakeyaml-2.3.jar;C:\Users\ITACHI\.m2\repository\org\springframework\boot\spring-boot-starter-jdbc\3.4.1\spring-boot-starter-jdbc-3.4.1.jar;C:\Users\ITACHI\.m2\repository\com\zaxxer\HikariCP\5.1.0\HikariCP-5.1.0.jar;C:\Users\ITACHI\.m2\repository\org\springframework\spring-jdbc\6.2.1\spring-jdbc-6.2.1.jar;C:\Users\ITACHI\.m2\repository\org\hibernate\orm\hibernate-core\6.6.4.Final\hibernate-core-6.6.4.Final.jar;C:\Users\ITACHI\.m2\repository\jakarta\persistence\jakarta.persistence-api\3.1.0\jakarta.persistence-api-3.1.0.jar;C:\Users\ITACHI\.m2\repository\jakarta\transaction\jakarta.transaction-api\2.0.1\jakarta.transaction-api-2.0.1.jar;C:\Users\ITACHI\.m2\repository\org\jboss\logging\jboss-logging\3.6.1.Final\jboss-logging-3.6.1.Final.jar;C:\Users\ITACHI\.m2\repository\org\hibernate\common\hibernate-commons-annotations\7.0.3.Final\hibernate-commons-annotations-7.0.3.Final.jar;C:\User
Launcher Type: SUN_STANDARD

[Global flags]
     intx CICompilerCount                          = 4                                         {product} {ergonomic}
     uint ConcGCThreads                            = 2                                         {product} {ergonomic}
     uint G1ConcRefinementThreads                  = 8                                         {product} {ergonomic}
   size_t G1HeapRegionSize                         = 2097152                                   {product} {ergonomic}
    uintx GCDrainStackTargetSize                   = 64                                        {product} {ergonomic}
   size_t InitialHeapSize                          = 266338304                                 {product} {ergonomic}
   size_t MarkStackSize                            = 4194304                                   {product} {ergonomic}
   size_t MaxHeapSize                              = 4238344192                                {product} {ergonomic}
   size_t MaxNewSize                               = 2541748224                                {product} {ergonomic}
   size_t MinHeapDeltaBytes                        = 2097152                                   {product} {ergonomic}
   size_t MinHeapSize                              = 8388608                                   {product} {ergonomic}
    uintx NonNMethodCodeHeapSize                   = 5839372                                {pd product} {ergonomic}
    uintx NonProfiledCodeHeapSize                  = 122909434                              {pd product} {ergonomic}
    uintx ProfiledCodeHeapSize                     = 122909434                              {pd product} {ergonomic}
    uintx ReservedCodeCacheSize                    = 251658240                              {pd product} {ergonomic}
     bool SegmentedCodeCache                       = true                                      {product} {ergonomic}
   size_t SoftMaxHeapSize                          = 4238344192                             {manageable} {ergonomic}
     bool UseCompressedClassPointers               = true                           {product lp64_product} {ergonomic}
     bool UseCompressedOops                        = true                           {product lp64_product} {ergonomic}
     bool UseG1GC                                  = true                                      {product} {ergonomic}
     bool UseLargePagesIndividualAllocation        = false                                  {pd product} {ergonomic}

Logging:
Log output configuration:
 #0: stdout all=warning uptime,level,tags
 #1: stderr all=off uptime,level,tags

Environment Variables:
JAVA_HOME=C:\Program Files\Java\jdk-17\bin
CLASSPATH=C:\Users\#ITACHI\Downloads\Compressed\mysql-connector-java.jar\mysql-connector-java.jar;.;
PATH=C:\Python312\Scripts\;C:\Python312\;C:\Program Files\Common Files\Oracle\Java\javapath;C:\WINDOWS\system32;C:\WINDOWS;C:\WINDOWS\System32\Wbem;C:\WINDOWS\System32\WindowsPowerShell\v1.0\;C:\WINDOWS\System32\OpenSSH\;C:\Program Files\Java\jdk-19\bin;C:\Users\#ITACHI\Downloads\Compressed\platform-tools_r34.0.1-windows\platform-tools;C:\Program Files\Git\cmd;C:\Users\ITACHI\AppData\Roaming\npm;C:\Program Files\nodejs\;C:\ProgramData\chocolatey\bin;C:\Program Files\MySQL\MySQL Shell 8.0\bin\;C:\Users\#ITACHI\AppData\Local\Microsoft\WindowsApps;C:\Users\#ITACHI\AppData\Roaming\npm;C:\Program Files\JetBrains\IntelliJ IDEA Community Edition 2022.3.3\bin;C:\Users\ITACHI\AppData\Local\Microsoft\WindowsApps;C:\Users\#ITACHI\AppData\Local\GitHubDesktop\bin;C:\apache-maven-3.9.4\bin;C:\Users\ITACHI\AppData\Local\Programs\Microsoft VS Code\bin;;C:\Users\ITACHI\AppData\Local\Programs\Fiddler;C:\Users\ITACHI\AppData\Roaming\npm;%USERPROFILE%\AppData\Local\Microsoft\WindowsApps
USERNAME=ITACHI
OS=Windows_NT
PROCESSOR_IDENTIFIER=Intel64 Family 6 Model 140 Stepping 1, GenuineIntel



---------------  S Y S T E M  ---------------

OS:
 Windows 11 , 64 bit Build 26100 (10.0.26100.3037)
OS uptime: 0 days 1:20 hours
Hyper-V role detected

CPU: total 8 (initial active 8) (4 cores per cpu, 2 threads per core) family 6 model 140 stepping 1 microcode 0x78, cx8, cmov, fxsr, ht, mmx, 3dnowpref, sse, sse2, sse3, ssse3, sse4.1, sse4.2, popcnt, lzcnt, tsc, tscinvbit, avx, avx2, aes, erms, clmul, bmi1, bmi2, adx, avx512f, avx512dq, avx512cd, avx512bw, avx512vl, sha, fma, vzeroupper, avx512_vpopcntdq, avx512_vpclmulqdq, avx512_vaes, avx512_vnni, clflush, clflushopt, clwb, avx512_vbmi2, avx512_vbmi, hv

Memory: 4k page, system-wide physical 16167M (4182M free)
TotalPageFile size 16167M (AvailPageFile size 224M)
current process WorkingSet (physical memory assigned to process): 246M, peak: 306M
current process commit charge ("private bytes"): 283M, peak: 409M

vm_info: Java HotSpot(TM) 64-Bit Server VM (17.0.10+11-LTS-240) for windows-amd64 JRE (17.0.10+11-LTS-240), built on Dec 19 2023 21:47:25 by "mach5one" with MS VC++ 17.1 (VS2022)

END.
